2024-12-29 18:50:48,875 - httpx - INFO - HTTP Request: POST https://api.telegram.org/bot8192811920:AAEtqvcjUMBEiuvizMfVtrax4K3AfW9RUI8/getUpdates "HTTP/1.1 200 OK"
2024-12-29 18:50:58,937 - httpx - INFO - HTTP Request: POST https://api.telegram.org/bot8192811920:AAEtqvcjUMBEiuvizMfVtrax4K3AfW9RUI8/getUpdates "HTTP/1.1 200 OK"
2024-12-29 18:51:09,000 - httpx - INFO - HTTP Request: POST https://api.telegram.org/bot8192811920:AAEtqvcjUMBEiuvizMfVtrax4K3AfW9RUI8/getUpdates "HTTP/1.1 200 OK"
2024-12-29 18:51:19,052 - httpx - INFO - HTTP Request: POST https://api.telegram.org/bot8192811920:AAEtqvcjUMBEiuvizMfVtrax4K3AfW9RUI8/getUpdates "HTTP/1.1 200 OK"
2024-12-29 18:51:29,110 - httpx - INFO - HTTP Request: POST https://api.telegram.org/bot8192811920:AAEtqvcjUMBEiuvizMfVtrax4K3AfW9RUI8/getUpdates "HTTP/1.1 200 OK"
2024-12-29 18:51:39,159 - httpx - INFO - HTTP Request: POST https://api.telegram.org/bot8192811920:AAEtqvcjUMBEiuvizMfVtrax4K3AfW9RUI8/getUpdates "HTTP/1.1 200 OK"
2024-12-29 18:51:49,233 - httpx - INFO - HTTP Request: POST https://api.telegram.org/bot8192811920:AAEtqvcjUMBEiuvizMfVtrax4K3AfW9RUI8/getUpdates "HTTP/1.1 200 OK"
2024-12-29 18:51:59,284 - httpx - INFO - HTTP Request: POST https://api.telegram.org/bot8192811920:AAEtqvcjUMBEiuvizMfVtrax4K3AfW9RUI8/getUpdates "HTTP/1.1 200 OK"
2024-12-29 18:52:09,334 - httpx - INFO - HTTP Request: POST https://api.telegram.org/bot8192811920:AAEtqvcjUMBEiuvizMfVtrax4K3AfW9RUI8/getUpdates "HTTP/1.1 200 OK"
2024-12-29 18:52:19,395 - httpx - INFO - HTTP Request: POST https://api.telegram.org/bot8192811920:AAEtqvcjUMBEiuvizMfVtrax4K3AfW9RUI8/getUpdates "HTTP/1.1 200 OK"
2024-12-29 18:52:29,443 - httpx - INFO - HTTP Request: POST https://api.telegram.org/bot8192811920:AAEtqvcjUMBEiuvizMfVtrax4K3AfW9RUI8/getUpdates "HTTP/1.1 200 OK"
2024-12-29 18:52:39,501 - httpx - INFO - HTTP Request: POST https://api.telegram.org/bot8192811920:AAEtqvcjUMBEiuvizMfVtrax4K3AfW9RUI8/getUpdates "HTTP/1.1 200 OK"
2024-12-29 18:52:49,583 - httpx - INFO - HTTP Request: POST https://api.telegram.org/bot8192811920:AAEtqvcjUMBEiuvizMfVtrax4K3AfW9RUI8/getUpdates "HTTP/1.1 200 OK"
2024-12-29 18:52:59,646 - httpx - INFO - HTTP Request: POST https://api.telegram.org/bot8192811920:AAEtqvcjUMBEiuvizMfVtrax4K3AfW9RUI8/getUpdates "HTTP/1.1 200 OK"
2024-12-29 18:53:09,702 - httpx - INFO - HTTP Request: POST https://api.telegram.org/bot8192811920:AAEtqvcjUMBEiuvizMfVtrax4K3AfW9RUI8/getUpdates "HTTP/1.1 200 OK"
2024-12-29 18:53:10,684 - httpx - INFO - HTTP Request: POST https://api.telegram.org/bot8192811920:AAEtqvcjUMBEiuvizMfVtrax4K3AfW9RUI8/getUpdates "HTTP/1.1 200 OK"
2024-12-29 18:53:10,686 - root - INFO - –§—É–Ω–∫—Ü–∏—è handle_reply –≤—ã–∑–≤–∞–Ω–∞
2024-12-29 18:53:10,687 - root - INFO - –ü–æ–ª—É—á–µ–Ω–æ —Å–æ–æ–±—â–µ–Ω–∏–µ –æ—Ç —Ü–µ–ª–µ–≤–æ–≥–æ –∞–∫–∫–∞—É–Ω—Ç–∞ 1032748114: 609545118: –µ—â–µ —á—Å–µ –Ω–∏—Ç—å
2024-12-29 18:53:10,688 - root - INFO - –°–æ–æ–±—â–µ–Ω–∏–µ –æ—Ç —Ü–µ–ª–µ–≤–æ–≥–æ –∞–∫–∫–∞—É–Ω—Ç–∞: 609545118: –µ—â–µ —á—Å–µ –Ω–∏—Ç—å
2024-12-29 18:53:10,688 - root - INFO - –û—Ç–ø—Ä–∞–≤–∫–∞ –æ—Ç–≤–µ—Ç–∞ –ø–æ–ª—å–∑–æ–≤–∞—Ç–µ–ª—é 609545118: –µ—â–µ —á—Å–µ –Ω–∏—Ç—å
2024-12-29 18:53:10,945 - httpx - INFO - HTTP Request: POST https://api.telegram.org/bot8192811920:AAEtqvcjUMBEiuvizMfVtrax4K3AfW9RUI8/sendMessage "HTTP/1.1 200 OK"
2024-12-29 18:53:20,768 - httpx - INFO - HTTP Request: POST https://api.telegram.org/bot8192811920:AAEtqvcjUMBEiuvizMfVtrax4K3AfW9RUI8/getUpdates "HTTP/1.1 200 OK"
2024-12-29 18:53:23,535 - httpx - INFO - HTTP Request: POST https://api.telegram.org/bot8192811920:AAEtqvcjUMBEiuvizMfVtrax4K3AfW9RUI8/getUpdates "HTTP/1.1 200 OK"
2024-12-29 18:53:23,538 - root - INFO - –ü–æ–ª—É—á–µ–Ω–æ —Å–æ–æ–±—â–µ–Ω–∏–µ –æ—Ç –ø–æ–ª—å–∑–æ–≤–∞—Ç–µ–ª—è 609545118: –ø—É–Ω–∫—Ç—É–∞—Ü–∏—è
2024-12-29 18:53:23,539 - root - INFO - –ü–µ—Ä–µ—Å—ã–ª–∞–µ–º —Å–æ–æ–±—â–µ–Ω–∏–µ –æ—Ç 609545118 —Ü–µ–ª–µ–≤–æ–º—É –∞–∫–∫–∞—É–Ω—Ç—É
2024-12-29 18:53:23,720 - httpx - INFO - HTTP Request: POST https://api.telegram.org/bot8192811920:AAEtqvcjUMBEiuvizMfVtrax4K3AfW9RUI8/sendMessage "HTTP/1.1 200 OK"
2024-12-29 18:53:23,722 - root - INFO - –°–æ–æ–±—â–µ–Ω–∏–µ –æ—Ç 609545118 —É—Å–ø–µ—à–Ω–æ –ø–µ—Ä–µ—Å–ª–∞–Ω–æ —Ü–µ–ª–µ–≤–æ–º—É –∞–∫–∫–∞—É–Ω—Ç—É
2024-12-29 18:53:33,609 - httpx - INFO - HTTP Request: POST https://api.telegram.org/bot8192811920:AAEtqvcjUMBEiuvizMfVtrax4K3AfW9RUI8/getUpdates "HTTP/1.1 200 OK"
2024-12-29 18:53:43,656 - httpx - INFO - HTTP Request: POST https://api.telegram.org/bot8192811920:AAEtqvcjUMBEiuvizMfVtrax4K3AfW9RUI8/getUpdates "HTTP/1.1 200 OK"
2024-12-29 18:53:53,706 - httpx - INFO - HTTP Request: POST https://api.telegram.org/bot8192811920:AAEtqvcjUMBEiuvizMfVtrax4K3AfW9RUI8/getUpdates "HTTP/1.1 200 OK"
2024-12-29 18:53:59,752 - httpx - INFO - HTTP Request: POST https://api.telegram.org/bot8192811920:AAEtqvcjUMBEiuvizMfVtrax4K3AfW9RUI8/getUpdates "HTTP/1.1 200 OK"
2024-12-29 18:53:59,755 - root - INFO - –§—É–Ω–∫—Ü–∏—è handle_reply –≤—ã–∑–≤–∞–Ω–∞
2024-12-29 18:53:59,756 - root - INFO - –ü–æ–ª—É—á–µ–Ω–æ —Å–æ–æ–±—â–µ–Ω–∏–µ –æ—Ç —Ü–µ–ª–µ–≤–æ–≥–æ –∞–∫–∫–∞—É–Ω—Ç–∞ 1032748114: 609545118: —Å –¥—Ä—É–≥–æ–π —Ç–≥ –º–æ–∂–µ—à—å —â–∞ –Ω–∞–ø–∏—Å–∞—Ç—å?
2024-12-29 18:53:59,758 - root - INFO - –°–æ–æ–±—â–µ–Ω–∏–µ –æ—Ç —Ü–µ–ª–µ–≤–æ–≥–æ –∞–∫–∫–∞—É–Ω—Ç–∞: 609545118: —Å –¥—Ä—É–≥–æ–π —Ç–≥ –º–æ–∂–µ—à—å —â–∞ –Ω–∞–ø–∏—Å–∞—Ç—å?
2024-12-29 18:53:59,761 - root - INFO - –û—Ç–ø—Ä–∞–≤–∫–∞ –æ—Ç–≤–µ—Ç–∞ –ø–æ–ª—å–∑–æ–≤–∞—Ç–µ–ª—é 609545118: —Å –¥—Ä—É–≥–æ–π —Ç–≥ –º–æ–∂–µ—à—å —â–∞ –Ω–∞–ø–∏—Å–∞—Ç—å?
2024-12-29 18:53:59,952 - httpx - INFO - HTTP Request: POST https://api.telegram.org/bot8192811920:AAEtqvcjUMBEiuvizMfVtrax4K3AfW9RUI8/sendMessage "HTTP/1.1 200 OK"
2024-12-29 18:54:09,816 - httpx - INFO - HTTP Request: POST https://api.telegram.org/bot8192811920:AAEtqvcjUMBEiuvizMfVtrax4K3AfW9RUI8/getUpdates "HTTP/1.1 200 OK"
2024-12-29 18:54:15,301 - httpx - INFO - HTTP Request: POST https://api.telegram.org/bot8192811920:AAEtqvcjUMBEiuvizMfVtrax4K3AfW9RUI8/getUpdates "HTTP/1.1 200 OK"
2024-12-29 18:54:15,305 - root - INFO - –§—É–Ω–∫—Ü–∏—è handle_reply –≤—ã–∑–≤–∞–Ω–∞
2024-12-29 18:54:15,305 - root - INFO - –ü–æ–ª—É—á–µ–Ω–æ —Å–æ–æ–±—â–µ–Ω–∏–µ –æ—Ç —Ü–µ–ª–µ–≤–æ–≥–æ –∞–∫–∫–∞—É–Ω—Ç–∞ 1032748114: 609545118: —Å –¥—Ä—É–≥–æ–π —Ç–≥ –º–æ–∂–µ—à—å —â–∞ –Ω–∞–ø–∏—Å–∞—Ç—å?
2024-12-29 18:54:15,307 - root - INFO - –°–æ–æ–±—â–µ–Ω–∏–µ –æ—Ç —Ü–µ–ª–µ–≤–æ–≥–æ –∞–∫–∫–∞—É–Ω—Ç–∞: 609545118: —Å –¥—Ä—É–≥–æ–π —Ç–≥ –º–æ–∂–µ—à—å —â–∞ –Ω–∞–ø–∏—Å–∞—Ç—å?
2024-12-29 18:54:15,309 - root - INFO - –û—Ç–ø—Ä–∞–≤–∫–∞ –æ—Ç–≤–µ—Ç–∞ –ø–æ–ª—å–∑–æ–≤–∞—Ç–µ–ª—é 609545118: —Å –¥—Ä—É–≥–æ–π —Ç–≥ –º–æ–∂–µ—à—å —â–∞ –Ω–∞–ø–∏—Å–∞—Ç—å?
2024-12-29 18:54:15,519 - httpx - INFO - HTTP Request: POST https://api.telegram.org/bot8192811920:AAEtqvcjUMBEiuvizMfVtrax4K3AfW9RUI8/sendMessage "HTTP/1.1 200 OK"
2024-12-29 18:54:16,418 - httpx - INFO - HTTP Request: POST https://api.telegram.org/bot8192811920:AAEtqvcjUMBEiuvizMfVtrax4K3AfW9RUI8/getUpdates "HTTP/1.1 200 OK"
2024-12-29 18:54:16,423 - root - INFO - –ü–æ–ª—É—á–µ–Ω–æ —Å–æ–æ–±—â–µ–Ω–∏–µ –æ—Ç –ø–æ–ª—å–∑–æ–≤–∞—Ç–µ–ª—è 609545118: –Ω—É —â–∞ –≤–∫–ª—é—á—É, –Ω–∞–ø–∏—à—É
2024-12-29 18:54:16,424 - root - INFO - –ü–µ—Ä–µ—Å—ã–ª–∞–µ–º —Å–æ–æ–±—â–µ–Ω–∏–µ –æ—Ç 609545118 —Ü–µ–ª–µ–≤–æ–º—É –∞–∫–∫–∞—É–Ω—Ç—É
2024-12-29 18:54:16,503 - httpx - INFO - HTTP Request: POST https://api.telegram.org/bot8192811920:AAEtqvcjUMBEiuvizMfVtrax4K3AfW9RUI8/sendMessage "HTTP/1.1 200 OK"
2024-12-29 18:54:16,507 - root - INFO - –°–æ–æ–±—â–µ–Ω–∏–µ –æ—Ç 609545118 —É—Å–ø–µ—à–Ω–æ –ø–µ—Ä–µ—Å–ª–∞–Ω–æ —Ü–µ–ª–µ–≤–æ–º—É –∞–∫–∫–∞—É–Ω—Ç—É
2024-12-29 18:54:26,472 - httpx - INFO - HTTP Request: POST https://api.telegram.org/bot8192811920:AAEtqvcjUMBEiuvizMfVtrax4K3AfW9RUI8/getUpdates "HTTP/1.1 200 OK"
2024-12-29 18:54:36,519 - httpx - INFO - HTTP Request: POST https://api.telegram.org/bot8192811920:AAEtqvcjUMBEiuvizMfVtrax4K3AfW9RUI8/getUpdates "HTTP/1.1 200 OK"
2024-12-29 18:54:46,569 - httpx - INFO - HTTP Request: POST https://api.telegram.org/bot8192811920:AAEtqvcjUMBEiuvizMfVtrax4K3AfW9RUI8/getUpdates "HTTP/1.1 200 OK"
2024-12-29 18:54:56,624 - httpx - INFO - HTTP Request: POST https://api.telegram.org/bot8192811920:AAEtqvcjUMBEiuvizMfVtrax4K3AfW9RUI8/getUpdates "HTTP/1.1 200 OK"
2024-12-29 18:55:06,682 - httpx - INFO - HTTP Request: POST https://api.telegram.org/bot8192811920:AAEtqvcjUMBEiuvizMfVtrax4K3AfW9RUI8/getUpdates "HTTP/1.1 200 OK"
2024-12-29 18:55:16,733 - httpx - INFO - HTTP Request: POST https://api.telegram.org/bot8192811920:AAEtqvcjUMBEiuvizMfVtrax4K3AfW9RUI8/getUpdates "HTTP/1.1 200 OK"
2024-12-29 18:55:24,945 - httpx - INFO - HTTP Request: POST https://api.telegram.org/bot8192811920:AAEtqvcjUMBEiuvizMfVtrax4K3AfW9RUI8/getUpdates "HTTP/1.1 200 OK"
2024-12-29 18:55:24,951 - root - INFO - –ü–æ–ª—É—á–µ–Ω–æ —Å–æ–æ–±—â–µ–Ω–∏–µ –æ—Ç –ø–æ–ª—å–∑–æ–≤–∞—Ç–µ–ª—è 7487678138: Lermusto
2024-12-29 18:55:24,952 - root - INFO - –ü–µ—Ä–µ—Å—ã–ª–∞–µ–º —Å–æ–æ–±—â–µ–Ω–∏–µ –æ—Ç 7487678138 —Ü–µ–ª–µ–≤–æ–º—É –∞–∫–∫–∞—É–Ω—Ç—É
2024-12-29 18:55:25,207 - httpx - INFO - HTTP Request: POST https://api.telegram.org/bot8192811920:AAEtqvcjUMBEiuvizMfVtrax4K3AfW9RUI8/sendMessage "HTTP/1.1 200 OK"
2024-12-29 18:55:25,213 - root - INFO - –°–æ–æ–±—â–µ–Ω–∏–µ –æ—Ç 7487678138 —É—Å–ø–µ—à–Ω–æ –ø–µ—Ä–µ—Å–ª–∞–Ω–æ —Ü–µ–ª–µ–≤–æ–º—É –∞–∫–∫–∞—É–Ω—Ç—É
2024-12-29 18:55:35,012 - httpx - INFO - HTTP Request: POST https://api.telegram.org/bot8192811920:AAEtqvcjUMBEiuvizMfVtrax4K3AfW9RUI8/getUpdates "HTTP/1.1 200 OK"
2024-12-29 18:55:45,066 - httpx - INFO - HTTP Request: POST https://api.telegram.org/bot8192811920:AAEtqvcjUMBEiuvizMfVtrax4K3AfW9RUI8/getUpdates "HTTP/1.1 200 OK"
2024-12-29 18:55:55,142 - httpx - INFO - HTTP Request: POST https://api.telegram.org/bot8192811920:AAEtqvcjUMBEiuvizMfVtrax4K3AfW9RUI8/getUpdates "HTTP/1.1 200 OK"
2024-12-29 18:56:05,219 - httpx - INFO - HTTP Request: POST https://api.telegram.org/bot8192811920:AAEtqvcjUMBEiuvizMfVtrax4K3AfW9RUI8/getUpdates "HTTP/1.1 200 OK"
2024-12-29 18:56:15,273 - httpx - INFO - HTTP Request: POST https://api.telegram.org/bot8192811920:AAEtqvcjUMBEiuvizMfVtrax4K3AfW9RUI8/getUpdates "HTTP/1.1 200 OK"
2024-12-29 18:56:19,279 - httpx - INFO - HTTP Request: POST https://api.telegram.org/bot8192811920:AAEtqvcjUMBEiuvizMfVtrax4K3AfW9RUI8/getUpdates "HTTP/1.1 200 OK"
2024-12-29 18:56:19,285 - telegram.ext.Application - INFO - Application is stopping. This might take a moment.
2024-12-29 18:56:19,286 - telegram.ext.Application - INFO - Application.stop() complete
2024-12-29 18:56:23,190 - root - INFO - –ë–æ—Ç –∑–∞–ø—É—â–µ–Ω –∏ –≥–æ—Ç–æ–≤ –∫ —Ä–∞–±–æ—Ç–µ
2024-12-29 18:56:23,346 - httpx - INFO - HTTP Request: POST https://api.telegram.org/bot8192811920:AAEtqvcjUMBEiuvizMfVtrax4K3AfW9RUI8/getMe "HTTP/1.1 200 OK"
2024-12-29 18:56:23,393 - httpx - INFO - HTTP Request: POST https://api.telegram.org/bot8192811920:AAEtqvcjUMBEiuvizMfVtrax4K3AfW9RUI8/deleteWebhook "HTTP/1.1 200 OK"
2024-12-29 18:56:23,397 - telegram.ext.Application - INFO - Application started
2024-12-29 18:56:23,533 - httpx - INFO - HTTP Request: POST https://api.telegram.org/bot8192811920:AAEtqvcjUMBEiuvizMfVtrax4K3AfW9RUI8/getUpdates "HTTP/1.1 200 OK"
2024-12-29 18:56:23,538 - root - INFO - –ü–æ–ª—É—á–µ–Ω–æ —Å–æ–æ–±—â–µ–Ω–∏–µ –æ—Ç –ø–æ–ª—å–∑–æ–≤–∞—Ç–µ–ª—è 609545118: –Ω–∞–ø–∏—Å–∞–ª —Å –≤—Ç–æ—Ä–æ–≥–æ
2024-12-29 18:56:23,538 - root - INFO - –ü–µ—Ä–µ—Å—ã–ª–∞–µ–º —Å–æ–æ–±—â–µ–Ω–∏–µ –æ—Ç 609545118 —Ü–µ–ª–µ–≤–æ–º—É –∞–∫–∫–∞—É–Ω—Ç—É
2024-12-29 18:56:23,599 - httpx - INFO - HTTP Request: POST https://api.telegram.org/bot8192811920:AAEtqvcjUMBEiuvizMfVtrax4K3AfW9RUI8/sendMessage "HTTP/1.1 200 OK"
2024-12-29 18:56:23,602 - root - INFO - –°–æ–æ–±—â–µ–Ω–∏–µ –æ—Ç 609545118 —É—Å–ø–µ—à–Ω–æ –ø–µ—Ä–µ—Å–ª–∞–Ω–æ —Ü–µ–ª–µ–≤–æ–º—É –∞–∫–∫–∞—É–Ω—Ç—É
2024-12-29 18:56:33,580 - httpx - INFO - HTTP Request: POST https://api.telegram.org/bot8192811920:AAEtqvcjUMBEiuvizMfVtrax4K3AfW9RUI8/getUpdates "HTTP/1.1 200 OK"
2024-12-29 18:56:35,829 - httpx - INFO - HTTP Request: POST https://api.telegram.org/bot8192811920:AAEtqvcjUMBEiuvizMfVtrax4K3AfW9RUI8/getUpdates "HTTP/1.1 200 OK"
2024-12-29 18:56:35,831 - root - INFO - –§—É–Ω–∫—Ü–∏—è handle_reply –≤—ã–∑–≤–∞–Ω–∞
2024-12-29 18:56:35,831 - root - INFO - –ü–æ–ª—É—á–µ–Ω–æ —Å–æ–æ–±—â–µ–Ω–∏–µ –æ—Ç —Ü–µ–ª–µ–≤–æ–≥–æ –∞–∫–∫–∞—É–Ω—Ç–∞ 1032748114: 7487678138: –µ—â–µ
2024-12-29 18:56:35,832 - root - INFO - –°–æ–æ–±—â–µ–Ω–∏–µ –æ—Ç —Ü–µ–ª–µ–≤–æ–≥–æ –∞–∫–∫–∞—É–Ω—Ç–∞: 7487678138: –µ—â–µ
2024-12-29 18:56:35,833 - root - WARNING - ID –ø–æ–¥–ø–∏—Å—á–∏–∫–∞ 7487678138 –Ω–µ –Ω–∞–π–¥–µ–Ω.
2024-12-29 18:56:36,040 - httpx - INFO - HTTP Request: POST https://api.telegram.org/bot8192811920:AAEtqvcjUMBEiuvizMfVtrax4K3AfW9RUI8/sendMessage "HTTP/1.1 200 OK"
2024-12-29 18:56:45,881 - httpx - INFO - HTTP Request: POST https://api.telegram.org/bot8192811920:AAEtqvcjUMBEiuvizMfVtrax4K3AfW9RUI8/getUpdates "HTTP/1.1 200 OK"
2024-12-29 18:56:55,932 - httpx - INFO - HTTP Request: POST https://api.telegram.org/bot8192811920:AAEtqvcjUMBEiuvizMfVtrax4K3AfW9RUI8/getUpdates "HTTP/1.1 200 OK"
2024-12-29 18:57:05,985 - httpx - INFO - HTTP Request: POST https://api.telegram.org/bot8192811920:AAEtqvcjUMBEiuvizMfVtrax4K3AfW9RUI8/getUpdates "HTTP/1.1 200 OK"
2024-12-29 18:57:16,033 - httpx - INFO - HTTP Request: POST https://api.telegram.org/bot8192811920:AAEtqvcjUMBEiuvizMfVtrax4K3AfW9RUI8/getUpdates "HTTP/1.1 200 OK"
2024-12-29 18:57:26,097 - httpx - INFO - HTTP Request: POST https://api.telegram.org/bot8192811920:AAEtqvcjUMBEiuvizMfVtrax4K3AfW9RUI8/getUpdates "HTTP/1.1 200 OK"
2024-12-29 18:57:36,146 - httpx - INFO - HTTP Request: POST https://api.telegram.org/bot8192811920:AAEtqvcjUMBEiuvizMfVtrax4K3AfW9RUI8/getUpdates "HTTP/1.1 200 OK"
2024-12-29 18:57:46,186 - httpx - INFO - HTTP Request: POST https://api.telegram.org/bot8192811920:AAEtqvcjUMBEiuvizMfVtrax4K3AfW9RUI8/getUpdates "HTTP/1.1 200 OK"
2024-12-29 18:57:56,232 - httpx - INFO - HTTP Request: POST https://api.telegram.org/bot8192811920:AAEtqvcjUMBEiuvizMfVtrax4K3AfW9RUI8/getUpdates "HTTP/1.1 200 OK"
2024-12-29 18:58:06,274 - httpx - INFO - HTTP Request: POST https://api.telegram.org/bot8192811920:AAEtqvcjUMBEiuvizMfVtrax4K3AfW9RUI8/getUpdates "HTTP/1.1 200 OK"
2024-12-29 18:58:16,314 - httpx - INFO - HTTP Request: POST https://api.telegram.org/bot8192811920:AAEtqvcjUMBEiuvizMfVtrax4K3AfW9RUI8/getUpdates "HTTP/1.1 200 OK"
2024-12-29 18:58:26,357 - httpx - INFO - HTTP Request: POST https://api.telegram.org/bot8192811920:AAEtqvcjUMBEiuvizMfVtrax4K3AfW9RUI8/getUpdates "HTTP/1.1 200 OK"
2024-12-29 18:58:36,399 - httpx - INFO - HTTP Request: POST https://api.telegram.org/bot8192811920:AAEtqvcjUMBEiuvizMfVtrax4K3AfW9RUI8/getUpdates "HTTP/1.1 200 OK"
2024-12-29 18:58:46,446 - httpx - INFO - HTTP Request: POST https://api.telegram.org/bot8192811920:AAEtqvcjUMBEiuvizMfVtrax4K3AfW9RUI8/getUpdates "HTTP/1.1 200 OK"
2024-12-29 18:58:56,491 - httpx - INFO - HTTP Request: POST https://api.telegram.org/bot8192811920:AAEtqvcjUMBEiuvizMfVtrax4K3AfW9RUI8/getUpdates "HTTP/1.1 200 OK"
2024-12-29 18:59:06,541 - httpx - INFO - HTTP Request: POST https://api.telegram.org/bot8192811920:AAEtqvcjUMBEiuvizMfVtrax4K3AfW9RUI8/getUpdates "HTTP/1.1 200 OK"
2024-12-29 18:59:16,592 - httpx - INFO - HTTP Request: POST https://api.telegram.org/bot8192811920:AAEtqvcjUMBEiuvizMfVtrax4K3AfW9RUI8/getUpdates "HTTP/1.1 200 OK"
2024-12-29 18:59:26,760 - httpx - INFO - HTTP Request: POST https://api.telegram.org/bot8192811920:AAEtqvcjUMBEiuvizMfVtrax4K3AfW9RUI8/getUpdates "HTTP/1.1 200 OK"
2024-12-29 18:59:36,799 - httpx - INFO - HTTP Request: POST https://api.telegram.org/bot8192811920:AAEtqvcjUMBEiuvizMfVtrax4K3AfW9RUI8/getUpdates "HTTP/1.1 200 OK"
2024-12-29 18:59:46,865 - httpx - INFO - HTTP Request: POST https://api.telegram.org/bot8192811920:AAEtqvcjUMBEiuvizMfVtrax4K3AfW9RUI8/getUpdates "HTTP/1.1 200 OK"
2024-12-29 18:59:56,944 - httpx - INFO - HTTP Request: POST https://api.telegram.org/bot8192811920:AAEtqvcjUMBEiuvizMfVtrax4K3AfW9RUI8/getUpdates "HTTP/1.1 200 OK"
2024-12-29 19:00:07,005 - httpx - INFO - HTTP Request: POST https://api.telegram.org/bot8192811920:AAEtqvcjUMBEiuvizMfVtrax4K3AfW9RUI8/getUpdates "HTTP/1.1 200 OK"
2024-12-29 19:00:17,065 - httpx - INFO - HTTP Request: POST https://api.telegram.org/bot8192811920:AAEtqvcjUMBEiuvizMfVtrax4K3AfW9RUI8/getUpdates "HTTP/1.1 200 OK"
2024-12-29 19:00:27,105 - httpx - INFO - HTTP Request: POST https://api.telegram.org/bot8192811920:AAEtqvcjUMBEiuvizMfVtrax4K3AfW9RUI8/getUpdates "HTTP/1.1 200 OK"
2024-12-29 19:00:37,166 - httpx - INFO - HTTP Request: POST https://api.telegram.org/bot8192811920:AAEtqvcjUMBEiuvizMfVtrax4K3AfW9RUI8/getUpdates "HTTP/1.1 200 OK"
2024-12-29 19:00:47,251 - httpx - INFO - HTTP Request: POST https://api.telegram.org/bot8192811920:AAEtqvcjUMBEiuvizMfVtrax4K3AfW9RUI8/getUpdates "HTTP/1.1 200 OK"
2024-12-29 19:00:57,293 - httpx - INFO - HTTP Request: POST https://api.telegram.org/bot8192811920:AAEtqvcjUMBEiuvizMfVtrax4K3AfW9RUI8/getUpdates "HTTP/1.1 200 OK"
2024-12-29 19:01:07,336 - httpx - INFO - HTTP Request: POST https://api.telegram.org/bot8192811920:AAEtqvcjUMBEiuvizMfVtrax4K3AfW9RUI8/getUpdates "HTTP/1.1 200 OK"
2024-12-29 19:01:17,383 - httpx - INFO - HTTP Request: POST https://api.telegram.org/bot8192811920:AAEtqvcjUMBEiuvizMfVtrax4K3AfW9RUI8/getUpdates "HTTP/1.1 200 OK"
2024-12-29 19:01:24,618 - httpx - INFO - HTTP Request: POST https://api.telegram.org/bot8192811920:AAEtqvcjUMBEiuvizMfVtrax4K3AfW9RUI8/getUpdates "HTTP/1.1 200 OK"
2024-12-29 19:01:24,623 - telegram.ext.Application - INFO - Application is stopping. This might take a moment.
2024-12-29 19:01:24,624 - telegram.ext.Application - INFO - Application.stop() complete
2024-12-29 19:01:28,219 - root - INFO - –ë–æ—Ç –∑–∞–ø—É—â–µ–Ω –∏ –≥–æ—Ç–æ–≤ –∫ —Ä–∞–±–æ—Ç–µ
2024-12-29 19:01:28,366 - httpx - INFO - HTTP Request: POST https://api.telegram.org/bot8192811920:AAEtqvcjUMBEiuvizMfVtrax4K3AfW9RUI8/getMe "HTTP/1.1 200 OK"
2024-12-29 19:01:28,408 - httpx - INFO - HTTP Request: POST https://api.telegram.org/bot8192811920:AAEtqvcjUMBEiuvizMfVtrax4K3AfW9RUI8/deleteWebhook "HTTP/1.1 200 OK"
2024-12-29 19:01:28,413 - telegram.ext.Application - INFO - Application started
2024-12-29 19:01:38,559 - httpx - INFO - HTTP Request: POST https://api.telegram.org/bot8192811920:AAEtqvcjUMBEiuvizMfVtrax4K3AfW9RUI8/getUpdates "HTTP/1.1 200 OK"
2024-12-29 19:01:48,606 - httpx - INFO - HTTP Request: POST https://api.telegram.org/bot8192811920:AAEtqvcjUMBEiuvizMfVtrax4K3AfW9RUI8/getUpdates "HTTP/1.1 200 OK"
2024-12-29 19:01:58,655 - httpx - INFO - HTTP Request: POST https://api.telegram.org/bot8192811920:AAEtqvcjUMBEiuvizMfVtrax4K3AfW9RUI8/getUpdates "HTTP/1.1 200 OK"
2024-12-29 19:02:08,701 - httpx - INFO - HTTP Request: POST https://api.telegram.org/bot8192811920:AAEtqvcjUMBEiuvizMfVtrax4K3AfW9RUI8/getUpdates "HTTP/1.1 200 OK"
2024-12-29 19:02:18,749 - httpx - INFO - HTTP Request: POST https://api.telegram.org/bot8192811920:AAEtqvcjUMBEiuvizMfVtrax4K3AfW9RUI8/getUpdates "HTTP/1.1 200 OK"
2024-12-29 19:02:27,631 - httpx - INFO - HTTP Request: POST https://api.telegram.org/bot8192811920:AAEtqvcjUMBEiuvizMfVtrax4K3AfW9RUI8/getUpdates "HTTP/1.1 200 OK"
2024-12-29 19:02:27,634 - root - INFO - –§—É–Ω–∫—Ü–∏—è handle_reply –≤—ã–∑–≤–∞–Ω–∞
2024-12-29 19:02:27,634 - root - INFO - –ü–æ–ª—É—á–µ–Ω–æ —Å–æ–æ–±—â–µ–Ω–∏–µ –æ—Ç —Ü–µ–ª–µ–≤–æ–≥–æ –∞–∫–∫–∞—É–Ω—Ç–∞ 1032748114: 7487678138: –µ—â–µ
2024-12-29 19:02:27,635 - root - INFO - –°–æ–æ–±—â–µ–Ω–∏–µ –æ—Ç —Ü–µ–ª–µ–≤–æ–≥–æ –∞–∫–∫–∞—É–Ω—Ç–∞: 7487678138: –µ—â–µ
2024-12-29 19:02:27,635 - root - INFO - –û—Ç–ø—Ä–∞–≤–∫–∞ –æ—Ç–≤–µ—Ç–∞ –ø–æ–ª—å–∑–æ–≤–∞—Ç–µ–ª—é 7487678138: –µ—â–µ
2024-12-29 19:02:27,918 - httpx - INFO - HTTP Request: POST https://api.telegram.org/bot8192811920:AAEtqvcjUMBEiuvizMfVtrax4K3AfW9RUI8/sendMessage "HTTP/1.1 200 OK"
2024-12-29 19:02:37,678 - httpx - INFO - HTTP Request: POST https://api.telegram.org/bot8192811920:AAEtqvcjUMBEiuvizMfVtrax4K3AfW9RUI8/getUpdates "HTTP/1.1 200 OK"
2024-12-29 19:02:47,733 - httpx - INFO - HTTP Request: POST https://api.telegram.org/bot8192811920:AAEtqvcjUMBEiuvizMfVtrax4K3AfW9RUI8/getUpdates "HTTP/1.1 200 OK"
2024-12-29 19:02:57,791 - httpx - INFO - HTTP Request: POST https://api.telegram.org/bot8192811920:AAEtqvcjUMBEiuvizMfVtrax4K3AfW9RUI8/getUpdates "HTTP/1.1 200 OK"
2024-12-29 19:03:07,844 - httpx - INFO - HTTP Request: POST https://api.telegram.org/bot8192811920:AAEtqvcjUMBEiuvizMfVtrax4K3AfW9RUI8/getUpdates "HTTP/1.1 200 OK"
2024-12-29 19:03:17,895 - httpx - INFO - HTTP Request: POST https://api.telegram.org/bot8192811920:AAEtqvcjUMBEiuvizMfVtrax4K3AfW9RUI8/getUpdates "HTTP/1.1 200 OK"
2024-12-29 19:03:27,943 - httpx - INFO - HTTP Request: POST https://api.telegram.org/bot8192811920:AAEtqvcjUMBEiuvizMfVtrax4K3AfW9RUI8/getUpdates "HTTP/1.1 200 OK"
2024-12-29 19:03:37,990 - httpx - INFO - HTTP Request: POST https://api.telegram.org/bot8192811920:AAEtqvcjUMBEiuvizMfVtrax4K3AfW9RUI8/getUpdates "HTTP/1.1 200 OK"
2024-12-29 19:03:48,043 - httpx - INFO - HTTP Request: POST https://api.telegram.org/bot8192811920:AAEtqvcjUMBEiuvizMfVtrax4K3AfW9RUI8/getUpdates "HTTP/1.1 200 OK"
2024-12-29 19:03:58,098 - httpx - INFO - HTTP Request: POST https://api.telegram.org/bot8192811920:AAEtqvcjUMBEiuvizMfVtrax4K3AfW9RUI8/getUpdates "HTTP/1.1 200 OK"
2024-12-29 19:04:08,142 - httpx - INFO - HTTP Request: POST https://api.telegram.org/bot8192811920:AAEtqvcjUMBEiuvizMfVtrax4K3AfW9RUI8/getUpdates "HTTP/1.1 200 OK"
2024-12-29 19:04:17,876 - httpx - INFO - HTTP Request: POST https://api.telegram.org/bot8192811920:AAEtqvcjUMBEiuvizMfVtrax4K3AfW9RUI8/getUpdates "HTTP/1.1 200 OK"
2024-12-29 19:04:17,878 - telegram.ext.Application - INFO - Application is stopping. This might take a moment.
2024-12-29 19:04:17,879 - telegram.ext.Application - INFO - Application.stop() complete
2024-12-29 19:05:29,110 - root - INFO - –ë–æ—Ç –∑–∞–ø—É—â–µ–Ω –∏ –≥–æ—Ç–æ–≤ –∫ —Ä–∞–±–æ—Ç–µ
2024-12-29 19:05:29,259 - httpx - INFO - HTTP Request: POST https://api.telegram.org/bot8192811920:AAEtqvcjUMBEiuvizMfVtrax4K3AfW9RUI8/getMe "HTTP/1.1 200 OK"
2024-12-29 19:05:29,307 - httpx - INFO - HTTP Request: POST https://api.telegram.org/bot8192811920:AAEtqvcjUMBEiuvizMfVtrax4K3AfW9RUI8/deleteWebhook "HTTP/1.1 200 OK"
2024-12-29 19:05:29,316 - telegram.ext.Application - INFO - Application started
2024-12-29 19:05:37,441 - httpx - INFO - HTTP Request: POST https://api.telegram.org/bot8192811920:AAEtqvcjUMBEiuvizMfVtrax4K3AfW9RUI8/getUpdates "HTTP/1.1 200 OK"
2024-12-29 19:05:37,445 - root - INFO - –§—É–Ω–∫—Ü–∏—è handle_reply –≤—ã–∑–≤–∞–Ω–∞
2024-12-29 19:05:37,445 - root - INFO - –ü–æ–ª—É—á–µ–Ω–æ —Å–æ–æ–±—â–µ–Ω–∏–µ –æ—Ç —Ü–µ–ª–µ–≤–æ–≥–æ –∞–∫–∫–∞—É–Ω—Ç–∞ 1032748114: 7487678138: –µ—â–µ
2024-12-29 19:05:37,446 - root - INFO - –°–æ–æ–±—â–µ–Ω–∏–µ –æ—Ç —Ü–µ–ª–µ–≤–æ–≥–æ –∞–∫–∫–∞—É–Ω—Ç–∞: 7487678138: –µ—â–µ
2024-12-29 19:05:37,446 - root - INFO - –û—Ç–ø—Ä–∞–≤–∫–∞ –æ—Ç–≤–µ—Ç–∞ –ø–æ–ª—å–∑–æ–≤–∞—Ç–µ–ª—é 7487678138: –µ—â–µ
2024-12-29 19:05:37,688 - httpx - INFO - HTTP Request: POST https://api.telegram.org/bot8192811920:AAEtqvcjUMBEiuvizMfVtrax4K3AfW9RUI8/sendMessage "HTTP/1.1 200 OK"
2024-12-29 19:05:44,419 - httpx - INFO - HTTP Request: POST https://api.telegram.org/bot8192811920:AAEtqvcjUMBEiuvizMfVtrax4K3AfW9RUI8/getUpdates "HTTP/1.1 200 OK"
2024-12-29 19:05:44,428 - root - INFO - –§—É–Ω–∫—Ü–∏—è handle_reply –≤—ã–∑–≤–∞–Ω–∞
2024-12-29 19:05:44,429 - root - INFO - –ü–æ–ª—É—á–µ–Ω–æ —Å–æ–æ–±—â–µ–Ω–∏–µ –æ—Ç —Ü–µ–ª–µ–≤–æ–≥–æ –∞–∫–∫–∞—É–Ω—Ç–∞ 1032748114: 7487678138: –µ—â–µ
2024-12-29 19:05:44,429 - root - INFO - –°–æ–æ–±—â–µ–Ω–∏–µ –æ—Ç —Ü–µ–ª–µ–≤–æ–≥–æ –∞–∫–∫–∞—É–Ω—Ç–∞: 7487678138: –µ—â–µ
2024-12-29 19:05:44,430 - root - INFO - –û—Ç–ø—Ä–∞–≤–∫–∞ –æ—Ç–≤–µ—Ç–∞ –ø–æ–ª—å–∑–æ–≤–∞—Ç–µ–ª—é 7487678138: –µ—â–µ
2024-12-29 19:05:44,592 - httpx - INFO - HTTP Request: POST https://api.telegram.org/bot8192811920:AAEtqvcjUMBEiuvizMfVtrax4K3AfW9RUI8/sendMessage "HTTP/1.1 200 OK"
2024-12-29 19:05:47,755 - httpx - INFO - HTTP Request: POST https://api.telegram.org/bot8192811920:AAEtqvcjUMBEiuvizMfVtrax4K3AfW9RUI8/getUpdates "HTTP/1.1 200 OK"
2024-12-29 19:05:47,758 - root - INFO - –ü–æ–ª—É—á–µ–Ω–æ —Å–æ–æ–±—â–µ–Ω–∏–µ –æ—Ç –ø–æ–ª—å–∑–æ–≤–∞—Ç–µ–ª—è 7487678138: Fjdjdj
2024-12-29 19:05:47,759 - root - INFO - –ü–µ—Ä–µ—Å—ã–ª–∞–µ–º —Å–æ–æ–±—â–µ–Ω–∏–µ –æ—Ç 7487678138 —Ü–µ–ª–µ–≤–æ–º—É –∞–∫–∫–∞—É–Ω—Ç—É
2024-12-29 19:05:47,831 - httpx - INFO - HTTP Request: POST https://api.telegram.org/bot8192811920:AAEtqvcjUMBEiuvizMfVtrax4K3AfW9RUI8/sendMessage "HTTP/1.1 200 OK"
2024-12-29 19:05:47,834 - root - INFO - –°–æ–æ–±—â–µ–Ω–∏–µ –æ—Ç 7487678138 —É—Å–ø–µ—à–Ω–æ –ø–µ—Ä–µ—Å–ª–∞–Ω–æ —Ü–µ–ª–µ–≤–æ–º—É –∞–∫–∫–∞—É–Ω—Ç—É
2024-12-29 19:05:54,618 - httpx - INFO - HTTP Request: POST https://api.telegram.org/bot8192811920:AAEtqvcjUMBEiuvizMfVtrax4K3AfW9RUI8/getUpdates "HTTP/1.1 200 OK"
2024-12-29 19:05:54,624 - root - INFO - –ü–æ–ª—É—á–µ–Ω–æ —Å–æ–æ–±—â–µ–Ω–∏–µ –æ—Ç –ø–æ–ª—å–∑–æ–≤–∞—Ç–µ–ª—è 7487678138: Aisjejwnx
2024-12-29 19:05:54,625 - root - INFO - –ü–µ—Ä–µ—Å—ã–ª–∞–µ–º —Å–æ–æ–±—â–µ–Ω–∏–µ –æ—Ç 7487678138 —Ü–µ–ª–µ–≤–æ–º—É –∞–∫–∫–∞—É–Ω—Ç—É
2024-12-29 19:05:54,837 - httpx - INFO - HTTP Request: POST https://api.telegram.org/bot8192811920:AAEtqvcjUMBEiuvizMfVtrax4K3AfW9RUI8/sendMessage "HTTP/1.1 200 OK"
2024-12-29 19:05:54,843 - root - INFO - –°–æ–æ–±—â–µ–Ω–∏–µ –æ—Ç 7487678138 —É—Å–ø–µ—à–Ω–æ –ø–µ—Ä–µ—Å–ª–∞–Ω–æ —Ü–µ–ª–µ–≤–æ–º—É –∞–∫–∫–∞—É–Ω—Ç—É
2024-12-29 19:06:04,679 - httpx - INFO - HTTP Request: POST https://api.telegram.org/bot8192811920:AAEtqvcjUMBEiuvizMfVtrax4K3AfW9RUI8/getUpdates "HTTP/1.1 200 OK"
2024-12-29 19:06:07,210 - httpx - INFO - HTTP Request: POST https://api.telegram.org/bot8192811920:AAEtqvcjUMBEiuvizMfVtrax4K3AfW9RUI8/getUpdates "HTTP/1.1 200 OK"
2024-12-29 19:06:07,213 - root - INFO - –§—É–Ω–∫—Ü–∏—è handle_reply –≤—ã–∑–≤–∞–Ω–∞
2024-12-29 19:06:07,213 - root - INFO - –ü–æ–ª—É—á–µ–Ω–æ —Å–æ–æ–±—â–µ–Ω–∏–µ –æ—Ç —Ü–µ–ª–µ–≤–æ–≥–æ –∞–∫–∫–∞—É–Ω—Ç–∞ 1032748114: 7487678138: –¥–≤–µ –≤–µ—â–∏ –ø–æ—Ñ–∏–∫—Å–∏–ª
2024-12-29 19:06:07,214 - root - INFO - –°–æ–æ–±—â–µ–Ω–∏–µ –æ—Ç —Ü–µ–ª–µ–≤–æ–≥–æ –∞–∫–∫–∞—É–Ω—Ç–∞: 7487678138: –¥–≤–µ –≤–µ—â–∏ –ø–æ—Ñ–∏–∫—Å–∏–ª
2024-12-29 19:06:07,215 - root - INFO - –û—Ç–ø—Ä–∞–≤–∫–∞ –æ—Ç–≤–µ—Ç–∞ –ø–æ–ª—å–∑–æ–≤–∞—Ç–µ–ª—é 7487678138: –¥–≤–µ –≤–µ—â–∏ –ø–æ—Ñ–∏–∫—Å–∏–ª
2024-12-29 19:06:07,442 - httpx - INFO - HTTP Request: POST https://api.telegram.org/bot8192811920:AAEtqvcjUMBEiuvizMfVtrax4K3AfW9RUI8/sendMessage "HTTP/1.1 200 OK"
2024-12-29 19:06:17,263 - httpx - INFO - HTTP Request: POST https://api.telegram.org/bot8192811920:AAEtqvcjUMBEiuvizMfVtrax4K3AfW9RUI8/getUpdates "HTTP/1.1 200 OK"
2024-12-29 19:06:20,990 - httpx - INFO - HTTP Request: POST https://api.telegram.org/bot8192811920:AAEtqvcjUMBEiuvizMfVtrax4K3AfW9RUI8/getUpdates "HTTP/1.1 200 OK"
2024-12-29 19:06:20,996 - root - INFO - –ü–æ–ª—É—á–µ–Ω–æ —Å–æ–æ–±—â–µ–Ω–∏–µ –æ—Ç –ø–æ–ª—å–∑–æ–≤–∞—Ç–µ–ª—è 7487678138: Very good
2024-12-29 19:06:20,997 - root - INFO - –ü–µ—Ä–µ—Å—ã–ª–∞–µ–º —Å–æ–æ–±—â–µ–Ω–∏–µ –æ—Ç 7487678138 —Ü–µ–ª–µ–≤–æ–º—É –∞–∫–∫–∞—É–Ω—Ç—É
2024-12-29 19:06:21,250 - httpx - INFO - HTTP Request: POST https://api.telegram.org/bot8192811920:AAEtqvcjUMBEiuvizMfVtrax4K3AfW9RUI8/sendMessage "HTTP/1.1 200 OK"
2024-12-29 19:06:21,255 - root - INFO - –°–æ–æ–±—â–µ–Ω–∏–µ –æ—Ç 7487678138 —É—Å–ø–µ—à–Ω–æ –ø–µ—Ä–µ—Å–ª–∞–Ω–æ —Ü–µ–ª–µ–≤–æ–º—É –∞–∫–∫–∞—É–Ω—Ç—É
2024-12-29 19:06:26,258 - httpx - INFO - HTTP Request: POST https://api.telegram.org/bot8192811920:AAEtqvcjUMBEiuvizMfVtrax4K3AfW9RUI8/getUpdates "HTTP/1.1 200 OK"
2024-12-29 19:06:26,263 - root - INFO - –ü–æ–ª—É—á–µ–Ω–æ —Å–æ–æ–±—â–µ–Ω–∏–µ –æ—Ç –ø–æ–ª—å–∑–æ–≤–∞—Ç–µ–ª—è 7487678138: üëç
2024-12-29 19:06:26,264 - root - INFO - –ü–µ—Ä–µ—Å—ã–ª–∞–µ–º —Å–æ–æ–±—â–µ–Ω–∏–µ –æ—Ç 7487678138 —Ü–µ–ª–µ–≤–æ–º—É –∞–∫–∫–∞—É–Ω—Ç—É
2024-12-29 19:06:26,520 - httpx - INFO - HTTP Request: POST https://api.telegram.org/bot8192811920:AAEtqvcjUMBEiuvizMfVtrax4K3AfW9RUI8/sendMessage "HTTP/1.1 200 OK"
2024-12-29 19:06:26,526 - root - INFO - –°–æ–æ–±—â–µ–Ω–∏–µ –æ—Ç 7487678138 —É—Å–ø–µ—à–Ω–æ –ø–µ—Ä–µ—Å–ª–∞–Ω–æ —Ü–µ–ª–µ–≤–æ–º—É –∞–∫–∫–∞—É–Ω—Ç—É
2024-12-29 19:06:36,322 - httpx - INFO - HTTP Request: POST https://api.telegram.org/bot8192811920:AAEtqvcjUMBEiuvizMfVtrax4K3AfW9RUI8/getUpdates "HTTP/1.1 200 OK"
2024-12-29 19:06:46,386 - httpx - INFO - HTTP Request: POST https://api.telegram.org/bot8192811920:AAEtqvcjUMBEiuvizMfVtrax4K3AfW9RUI8/getUpdates "HTTP/1.1 200 OK"
2024-12-29 19:06:50,986 - httpx - INFO - HTTP Request: POST https://api.telegram.org/bot8192811920:AAEtqvcjUMBEiuvizMfVtrax4K3AfW9RUI8/getUpdates "HTTP/1.1 200 OK"
2024-12-29 19:06:50,991 - root - INFO - –§—É–Ω–∫—Ü–∏—è handle_reply –≤—ã–∑–≤–∞–Ω–∞
2024-12-29 19:06:50,995 - root - INFO - –ü–æ–ª—É—á–µ–Ω–æ —Å–æ–æ–±—â–µ–Ω–∏–µ –æ—Ç —Ü–µ–ª–µ–≤–æ–≥–æ –∞–∫–∫–∞—É–Ω—Ç–∞ 1032748114: 7487678138: —Ç–µ–ø–µ—Ä—å –≤ —Ñ–∞–π–ª–µ –≤—Å–µ —Ö—Ä–∞–Ω–∏—Ç—Å—è –∏ –ø—Ä–∏ –∑–∞–ø—É—Å–∫–µ –≤—Å–µ id –ø–æ–º–Ω–∏—Ç
2024-12-29 19:06:50,997 - root - INFO - –°–æ–æ–±—â–µ–Ω–∏–µ –æ—Ç —Ü–µ–ª–µ–≤–æ–≥–æ –∞–∫–∫–∞—É–Ω—Ç–∞: 7487678138: —Ç–µ–ø–µ—Ä—å –≤ —Ñ–∞–π–ª–µ –≤—Å–µ —Ö—Ä–∞–Ω–∏—Ç—Å—è –∏ –ø—Ä–∏ –∑–∞–ø—É—Å–∫–µ –≤—Å–µ id –ø–æ–º–Ω–∏—Ç
2024-12-29 19:06:50,998 - root - INFO - –û—Ç–ø—Ä–∞–≤–∫–∞ –æ—Ç–≤–µ—Ç–∞ –ø–æ–ª—å–∑–æ–≤–∞—Ç–µ–ª—é 7487678138: —Ç–µ–ø–µ—Ä—å –≤ —Ñ–∞–π–ª–µ –≤—Å–µ —Ö—Ä–∞–Ω–∏—Ç—Å—è –∏ –ø—Ä–∏ –∑–∞–ø—É—Å–∫–µ –≤—Å–µ id –ø–æ–º–Ω–∏—Ç
2024-12-29 19:06:51,152 - httpx - INFO - HTTP Request: POST https://api.telegram.org/bot8192811920:AAEtqvcjUMBEiuvizMfVtrax4K3AfW9RUI8/sendMessage "HTTP/1.1 200 OK"
2024-12-29 19:07:01,039 - httpx - INFO - HTTP Request: POST https://api.telegram.org/bot8192811920:AAEtqvcjUMBEiuvizMfVtrax4K3AfW9RUI8/getUpdates "HTTP/1.1 200 OK"
2024-12-29 19:07:01,484 - httpx - INFO - HTTP Request: POST https://api.telegram.org/bot8192811920:AAEtqvcjUMBEiuvizMfVtrax4K3AfW9RUI8/getUpdates "HTTP/1.1 200 OK"
2024-12-29 19:07:01,490 - root - INFO - –ü–æ–ª—É—á–µ–Ω–æ —Å–æ–æ–±—â–µ–Ω–∏–µ –æ—Ç –ø–æ–ª—å–∑–æ–≤–∞—Ç–µ–ª—è 7487678138: –û–æ–æ, –∞—Ö—É–µ–Ω—á–∏–∫
2024-12-29 19:07:01,491 - root - INFO - –ü–µ—Ä–µ—Å—ã–ª–∞–µ–º —Å–æ–æ–±—â–µ–Ω–∏–µ –æ—Ç 7487678138 —Ü–µ–ª–µ–≤–æ–º—É –∞–∫–∫–∞—É–Ω—Ç—É
2024-12-29 19:07:01,666 - httpx - INFO - HTTP Request: POST https://api.telegram.org/bot8192811920:AAEtqvcjUMBEiuvizMfVtrax4K3AfW9RUI8/sendMessage "HTTP/1.1 200 OK"
2024-12-29 19:07:01,670 - root - INFO - –°–æ–æ–±—â–µ–Ω–∏–µ –æ—Ç 7487678138 —É—Å–ø–µ—à–Ω–æ –ø–µ—Ä–µ—Å–ª–∞–Ω–æ —Ü–µ–ª–µ–≤–æ–º—É –∞–∫–∫–∞—É–Ω—Ç—É
2024-12-29 19:07:02,911 - httpx - INFO - HTTP Request: POST https://api.telegram.org/bot8192811920:AAEtqvcjUMBEiuvizMfVtrax4K3AfW9RUI8/getUpdates "HTTP/1.1 200 OK"
2024-12-29 19:07:02,918 - root - INFO - –§—É–Ω–∫—Ü–∏—è handle_reply –≤—ã–∑–≤–∞–Ω–∞
2024-12-29 19:07:02,919 - root - INFO - –ü–æ–ª—É—á–µ–Ω–æ —Å–æ–æ–±—â–µ–Ω–∏–µ –æ—Ç —Ü–µ–ª–µ–≤–æ–≥–æ –∞–∫–∫–∞—É–Ω—Ç–∞ 1032748114: 7487678138: –æ—Å—Ç–∞–ª–æ—Å—å –Ω–∞ –≥–∏—Ç –∑–∞–ª–∏—Ç—å
2024-12-29 19:07:02,921 - root - INFO - –°–æ–æ–±—â–µ–Ω–∏–µ –æ—Ç —Ü–µ–ª–µ–≤–æ–≥–æ –∞–∫–∫–∞—É–Ω—Ç–∞: 7487678138: –æ—Å—Ç–∞–ª–æ—Å—å –Ω–∞ –≥–∏—Ç –∑–∞–ª–∏—Ç—å
2024-12-29 19:07:02,922 - root - INFO - –û—Ç–ø—Ä–∞–≤–∫–∞ –æ—Ç–≤–µ—Ç–∞ –ø–æ–ª—å–∑–æ–≤–∞—Ç–µ–ª—é 7487678138: –æ—Å—Ç–∞–ª–æ—Å—å –Ω–∞ –≥–∏—Ç –∑–∞–ª–∏—Ç—å
2024-12-29 19:07:02,993 - httpx - INFO - HTTP Request: POST https://api.telegram.org/bot8192811920:AAEtqvcjUMBEiuvizMfVtrax4K3AfW9RUI8/sendMessage "HTTP/1.1 200 OK"
2024-12-29 19:07:12,977 - httpx - INFO - HTTP Request: POST https://api.telegram.org/bot8192811920:AAEtqvcjUMBEiuvizMfVtrax4K3AfW9RUI8/getUpdates "HTTP/1.1 200 OK"
2024-12-29 19:07:18,240 - httpx - INFO - HTTP Request: POST https://api.telegram.org/bot8192811920:AAEtqvcjUMBEiuvizMfVtrax4K3AfW9RUI8/getUpdates "HTTP/1.1 200 OK"
2024-12-29 19:07:18,244 - root - INFO - –ü–æ–ª—É—á–µ–Ω–æ —Å–æ–æ–±—â–µ–Ω–∏–µ –æ—Ç –ø–æ–ª—å–∑–æ–≤–∞—Ç–µ–ª—è 7487678138: ü´°
2024-12-29 19:07:18,244 - root - INFO - –ü–µ—Ä–µ—Å—ã–ª–∞–µ–º —Å–æ–æ–±—â–µ–Ω–∏–µ –æ—Ç 7487678138 —Ü–µ–ª–µ–≤–æ–º—É –∞–∫–∫–∞—É–Ω—Ç—É
2024-12-29 19:07:18,411 - httpx - INFO - HTTP Request: POST https://api.telegram.org/bot8192811920:AAEtqvcjUMBEiuvizMfVtrax4K3AfW9RUI8/sendMessage "HTTP/1.1 200 OK"
2024-12-29 19:07:18,416 - root - INFO - –°–æ–æ–±—â–µ–Ω–∏–µ –æ—Ç 7487678138 —É—Å–ø–µ—à–Ω–æ –ø–µ—Ä–µ—Å–ª–∞–Ω–æ —Ü–µ–ª–µ–≤–æ–º—É –∞–∫–∫–∞—É–Ω—Ç—É
2024-12-29 19:07:28,302 - httpx - INFO - HTTP Request: POST https://api.telegram.org/bot8192811920:AAEtqvcjUMBEiuvizMfVtrax4K3AfW9RUI8/getUpdates "HTTP/1.1 200 OK"
2024-12-29 19:07:37,916 - httpx - INFO - HTTP Request: POST https://api.telegram.org/bot8192811920:AAEtqvcjUMBEiuvizMfVtrax4K3AfW9RUI8/getUpdates "HTTP/1.1 200 OK"
2024-12-29 19:07:37,919 - root - INFO - –§—É–Ω–∫—Ü–∏—è handle_reply –≤—ã–∑–≤–∞–Ω–∞
2024-12-29 19:07:37,919 - root - INFO - –ü–æ–ª—É—á–µ–Ω–æ —Å–æ–æ–±—â–µ–Ω–∏–µ –æ—Ç —Ü–µ–ª–µ–≤–æ–≥–æ –∞–∫–∫–∞—É–Ω—Ç–∞ 1032748114: 7487678138: –∏ –ª–æ–≥–∏—Ä–æ–≤–∞–Ω–∏–µ —Å–æ–æ–±—â–µ–Ω–∏–π  —Ç—É–¥–∞ –º–± –∑–∞–∫–∏–Ω—É, –Ω–æ —è –±–æ—é—Å—å —á—Ç–æ–±—ã –±—É–¥–µ—Ç –Ω–∞–≥—Ä—É–∑–∫–∞ –±–æ–ª—å—à–∞—è –∏ –Ω–∞–¥–æ –ª–æ–≥–∏ —á–∏—Å—Ç–∏—Ç—å –∞ –∫–∞–∫ —Ö–∑
2024-12-29 19:07:37,920 - root - INFO - –°–æ–æ–±—â–µ–Ω–∏–µ –æ—Ç —Ü–µ–ª–µ–≤–æ–≥–æ –∞–∫–∫–∞—É–Ω—Ç–∞: 7487678138: –∏ –ª–æ–≥–∏—Ä–æ–≤–∞–Ω–∏–µ —Å–æ–æ–±—â–µ–Ω–∏–π  —Ç—É–¥–∞ –º–± –∑–∞–∫–∏–Ω—É, –Ω–æ —è –±–æ—é—Å—å —á—Ç–æ–±—ã –±—É–¥–µ—Ç –Ω–∞–≥—Ä—É–∑–∫–∞ –±–æ–ª—å—à–∞—è –∏ –Ω–∞–¥–æ –ª–æ–≥–∏ —á–∏—Å—Ç–∏—Ç—å –∞ –∫–∞–∫ —Ö–∑
2024-12-29 19:07:37,921 - root - INFO - –û—Ç–ø—Ä–∞–≤–∫–∞ –æ—Ç–≤–µ—Ç–∞ –ø–æ–ª—å–∑–æ–≤–∞—Ç–µ–ª—é 7487678138: –∏ –ª–æ–≥–∏—Ä–æ–≤–∞–Ω–∏–µ —Å–æ–æ–±—â–µ–Ω–∏–π  —Ç—É–¥–∞ –º–± –∑–∞–∫–∏–Ω—É, –Ω–æ —è –±–æ—é—Å—å —á—Ç–æ–±—ã –±—É–¥–µ—Ç –Ω–∞–≥—Ä—É–∑–∫–∞ –±–æ–ª—å—à–∞—è –∏ –Ω–∞–¥–æ –ª–æ–≥–∏ —á–∏—Å—Ç–∏—Ç—å –∞ –∫–∞–∫ —Ö–∑
2024-12-29 19:07:38,152 - httpx - INFO - HTTP Request: POST https://api.telegram.org/bot8192811920:AAEtqvcjUMBEiuvizMfVtrax4K3AfW9RUI8/sendMessage "HTTP/1.1 200 OK"
2024-12-29 19:07:48,000 - httpx - INFO - HTTP Request: POST https://api.telegram.org/bot8192811920:AAEtqvcjUMBEiuvizMfVtrax4K3AfW9RUI8/getUpdates "HTTP/1.1 200 OK"
2024-12-29 19:07:52,596 - httpx - INFO - HTTP Request: POST https://api.telegram.org/bot8192811920:AAEtqvcjUMBEiuvizMfVtrax4K3AfW9RUI8/getUpdates "HTTP/1.1 200 OK"
2024-12-29 19:07:52,598 - root - INFO - –§—É–Ω–∫—Ü–∏—è handle_reply –≤—ã–∑–≤–∞–Ω–∞
2024-12-29 19:07:52,599 - root - INFO - –ü–æ–ª—É—á–µ–Ω–æ —Å–æ–æ–±—â–µ–Ω–∏–µ –æ—Ç —Ü–µ–ª–µ–≤–æ–≥–æ –∞–∫–∫–∞—É–Ω—Ç–∞ 1032748114: 7487678138: —Ä–∞–∑ –≤ –Ω–µ–¥–µ–ª—é –≤ –º–µ—Å—è—Ü
2024-12-29 19:07:52,600 - root - INFO - –°–æ–æ–±—â–µ–Ω–∏–µ –æ—Ç —Ü–µ–ª–µ–≤–æ–≥–æ –∞–∫–∫–∞—É–Ω—Ç–∞: 7487678138: —Ä–∞–∑ –≤ –Ω–µ–¥–µ–ª—é –≤ –º–µ—Å—è—Ü
2024-12-29 19:07:52,600 - root - INFO - –û—Ç–ø—Ä–∞–≤–∫–∞ –æ—Ç–≤–µ—Ç–∞ –ø–æ–ª—å–∑–æ–≤–∞—Ç–µ–ª—é 7487678138: —Ä–∞–∑ –≤ –Ω–µ–¥–µ–ª—é –≤ –º–µ—Å—è—Ü
2024-12-29 19:07:52,816 - httpx - INFO - HTTP Request: POST https://api.telegram.org/bot8192811920:AAEtqvcjUMBEiuvizMfVtrax4K3AfW9RUI8/sendMessage "HTTP/1.1 200 OK"
2024-12-29 19:08:02,644 - httpx - INFO - HTTP Request: POST https://api.telegram.org/bot8192811920:AAEtqvcjUMBEiuvizMfVtrax4K3AfW9RUI8/getUpdates "HTTP/1.1 200 OK"
2024-12-29 19:08:12,699 - httpx - INFO - HTTP Request: POST https://api.telegram.org/bot8192811920:AAEtqvcjUMBEiuvizMfVtrax4K3AfW9RUI8/getUpdates "HTTP/1.1 200 OK"
2024-12-29 19:08:22,744 - httpx - INFO - HTTP Request: POST https://api.telegram.org/bot8192811920:AAEtqvcjUMBEiuvizMfVtrax4K3AfW9RUI8/getUpdates "HTTP/1.1 200 OK"
2024-12-29 19:08:32,797 - httpx - INFO - HTTP Request: POST https://api.telegram.org/bot8192811920:AAEtqvcjUMBEiuvizMfVtrax4K3AfW9RUI8/getUpdates "HTTP/1.1 200 OK"
2024-12-29 19:08:42,853 - httpx - INFO - HTTP Request: POST https://api.telegram.org/bot8192811920:AAEtqvcjUMBEiuvizMfVtrax4K3AfW9RUI8/getUpdates "HTTP/1.1 200 OK"
2024-12-29 19:08:52,909 - httpx - INFO - HTTP Request: POST https://api.telegram.org/bot8192811920:AAEtqvcjUMBEiuvizMfVtrax4K3AfW9RUI8/getUpdates "HTTP/1.1 200 OK"
2024-12-29 19:09:02,963 - httpx - INFO - HTTP Request: POST https://api.telegram.org/bot8192811920:AAEtqvcjUMBEiuvizMfVtrax4K3AfW9RUI8/getUpdates "HTTP/1.1 200 OK"
2024-12-29 19:09:13,058 - httpx - INFO - HTTP Request: POST https://api.telegram.org/bot8192811920:AAEtqvcjUMBEiuvizMfVtrax4K3AfW9RUI8/getUpdates "HTTP/1.1 200 OK"
2024-12-29 19:09:23,117 - httpx - INFO - HTTP Request: POST https://api.telegram.org/bot8192811920:AAEtqvcjUMBEiuvizMfVtrax4K3AfW9RUI8/getUpdates "HTTP/1.1 200 OK"
2024-12-29 19:09:33,171 - httpx - INFO - HTTP Request: POST https://api.telegram.org/bot8192811920:AAEtqvcjUMBEiuvizMfVtrax4K3AfW9RUI8/getUpdates "HTTP/1.1 200 OK"
2024-12-29 19:09:43,232 - httpx - INFO - HTTP Request: POST https://api.telegram.org/bot8192811920:AAEtqvcjUMBEiuvizMfVtrax4K3AfW9RUI8/getUpdates "HTTP/1.1 200 OK"
2024-12-29 19:09:53,285 - httpx - INFO - HTTP Request: POST https://api.telegram.org/bot8192811920:AAEtqvcjUMBEiuvizMfVtrax4K3AfW9RUI8/getUpdates "HTTP/1.1 200 OK"
2024-12-29 19:10:03,334 - httpx - INFO - HTTP Request: POST https://api.telegram.org/bot8192811920:AAEtqvcjUMBEiuvizMfVtrax4K3AfW9RUI8/getUpdates "HTTP/1.1 200 OK"
2024-12-29 19:10:13,382 - httpx - INFO - HTTP Request: POST https://api.telegram.org/bot8192811920:AAEtqvcjUMBEiuvizMfVtrax4K3AfW9RUI8/getUpdates "HTTP/1.1 200 OK"
2024-12-29 19:10:23,429 - httpx - INFO - HTTP Request: POST https://api.telegram.org/bot8192811920:AAEtqvcjUMBEiuvizMfVtrax4K3AfW9RUI8/getUpdates "HTTP/1.1 200 OK"
2024-12-29 19:10:33,483 - httpx - INFO - HTTP Request: POST https://api.telegram.org/bot8192811920:AAEtqvcjUMBEiuvizMfVtrax4K3AfW9RUI8/getUpdates "HTTP/1.1 200 OK"
2024-12-29 19:10:43,603 - httpx - INFO - HTTP Request: POST https://api.telegram.org/bot8192811920:AAEtqvcjUMBEiuvizMfVtrax4K3AfW9RUI8/getUpdates "HTTP/1.1 200 OK"
2024-12-29 19:10:53,687 - httpx - INFO - HTTP Request: POST https://api.telegram.org/bot8192811920:AAEtqvcjUMBEiuvizMfVtrax4K3AfW9RUI8/getUpdates "HTTP/1.1 200 OK"
2024-12-29 19:11:03,735 - httpx - INFO - HTTP Request: POST https://api.telegram.org/bot8192811920:AAEtqvcjUMBEiuvizMfVtrax4K3AfW9RUI8/getUpdates "HTTP/1.1 200 OK"
2024-12-29 19:11:13,787 - httpx - INFO - HTTP Request: POST https://api.telegram.org/bot8192811920:AAEtqvcjUMBEiuvizMfVtrax4K3AfW9RUI8/getUpdates "HTTP/1.1 200 OK"
2024-12-29 19:11:23,832 - httpx - INFO - HTTP Request: POST https://api.telegram.org/bot8192811920:AAEtqvcjUMBEiuvizMfVtrax4K3AfW9RUI8/getUpdates "HTTP/1.1 200 OK"
2024-12-29 19:11:33,877 - httpx - INFO - HTTP Request: POST https://api.telegram.org/bot8192811920:AAEtqvcjUMBEiuvizMfVtrax4K3AfW9RUI8/getUpdates "HTTP/1.1 200 OK"
2024-12-29 19:11:43,940 - httpx - INFO - HTTP Request: POST https://api.telegram.org/bot8192811920:AAEtqvcjUMBEiuvizMfVtrax4K3AfW9RUI8/getUpdates "HTTP/1.1 200 OK"
2024-12-29 19:11:53,989 - httpx - INFO - HTTP Request: POST https://api.telegram.org/bot8192811920:AAEtqvcjUMBEiuvizMfVtrax4K3AfW9RUI8/getUpdates "HTTP/1.1 200 OK"
2024-12-29 19:12:04,074 - httpx - INFO - HTTP Request: POST https://api.telegram.org/bot8192811920:AAEtqvcjUMBEiuvizMfVtrax4K3AfW9RUI8/getUpdates "HTTP/1.1 200 OK"
2024-12-29 19:12:14,121 - httpx - INFO - HTTP Request: POST https://api.telegram.org/bot8192811920:AAEtqvcjUMBEiuvizMfVtrax4K3AfW9RUI8/getUpdates "HTTP/1.1 200 OK"
2024-12-29 19:12:24,165 - httpx - INFO - HTTP Request: POST https://api.telegram.org/bot8192811920:AAEtqvcjUMBEiuvizMfVtrax4K3AfW9RUI8/getUpdates "HTTP/1.1 200 OK"
2024-12-29 19:12:34,208 - httpx - INFO - HTTP Request: POST https://api.telegram.org/bot8192811920:AAEtqvcjUMBEiuvizMfVtrax4K3AfW9RUI8/getUpdates "HTTP/1.1 200 OK"
2024-12-29 19:12:44,256 - httpx - INFO - HTTP Request: POST https://api.telegram.org/bot8192811920:AAEtqvcjUMBEiuvizMfVtrax4K3AfW9RUI8/getUpdates "HTTP/1.1 200 OK"
2024-12-29 19:12:54,299 - httpx - INFO - HTTP Request: POST https://api.telegram.org/bot8192811920:AAEtqvcjUMBEiuvizMfVtrax4K3AfW9RUI8/getUpdates "HTTP/1.1 200 OK"
2024-12-29 19:13:04,351 - httpx - INFO - HTTP Request: POST https://api.telegram.org/bot8192811920:AAEtqvcjUMBEiuvizMfVtrax4K3AfW9RUI8/getUpdates "HTTP/1.1 200 OK"
2024-12-29 19:13:14,420 - httpx - INFO - HTTP Request: POST https://api.telegram.org/bot8192811920:AAEtqvcjUMBEiuvizMfVtrax4K3AfW9RUI8/getUpdates "HTTP/1.1 200 OK"
2024-12-29 19:13:24,469 - httpx - INFO - HTTP Request: POST https://api.telegram.org/bot8192811920:AAEtqvcjUMBEiuvizMfVtrax4K3AfW9RUI8/getUpdates "HTTP/1.1 200 OK"
2024-12-29 19:13:34,520 - httpx - INFO - HTTP Request: POST https://api.telegram.org/bot8192811920:AAEtqvcjUMBEiuvizMfVtrax4K3AfW9RUI8/getUpdates "HTTP/1.1 200 OK"
2024-12-29 19:13:44,595 - httpx - INFO - HTTP Request: POST https://api.telegram.org/bot8192811920:AAEtqvcjUMBEiuvizMfVtrax4K3AfW9RUI8/getUpdates "HTTP/1.1 200 OK"
2024-12-29 19:13:54,660 - httpx - INFO - HTTP Request: POST https://api.telegram.org/bot8192811920:AAEtqvcjUMBEiuvizMfVtrax4K3AfW9RUI8/getUpdates "HTTP/1.1 200 OK"
2024-12-29 19:14:04,716 - httpx - INFO - HTTP Request: POST https://api.telegram.org/bot8192811920:AAEtqvcjUMBEiuvizMfVtrax4K3AfW9RUI8/getUpdates "HTTP/1.1 200 OK"
2024-12-29 19:14:14,765 - httpx - INFO - HTTP Request: POST https://api.telegram.org/bot8192811920:AAEtqvcjUMBEiuvizMfVtrax4K3AfW9RUI8/getUpdates "HTTP/1.1 200 OK"
2024-12-29 19:14:24,805 - httpx - INFO - HTTP Request: POST https://api.telegram.org/bot8192811920:AAEtqvcjUMBEiuvizMfVtrax4K3AfW9RUI8/getUpdates "HTTP/1.1 200 OK"
2024-12-29 19:14:34,854 - httpx - INFO - HTTP Request: POST https://api.telegram.org/bot8192811920:AAEtqvcjUMBEiuvizMfVtrax4K3AfW9RUI8/getUpdates "HTTP/1.1 200 OK"
2024-12-29 19:14:44,910 - httpx - INFO - HTTP Request: POST https://api.telegram.org/bot8192811920:AAEtqvcjUMBEiuvizMfVtrax4K3AfW9RUI8/getUpdates "HTTP/1.1 200 OK"
2024-12-29 19:14:55,004 - httpx - INFO - HTTP Request: POST https://api.telegram.org/bot8192811920:AAEtqvcjUMBEiuvizMfVtrax4K3AfW9RUI8/getUpdates "HTTP/1.1 200 OK"
2024-12-29 19:15:05,044 - httpx - INFO - HTTP Request: POST https://api.telegram.org/bot8192811920:AAEtqvcjUMBEiuvizMfVtrax4K3AfW9RUI8/getUpdates "HTTP/1.1 200 OK"
2024-12-29 19:15:15,090 - httpx - INFO - HTTP Request: POST https://api.telegram.org/bot8192811920:AAEtqvcjUMBEiuvizMfVtrax4K3AfW9RUI8/getUpdates "HTTP/1.1 200 OK"
2024-12-29 19:15:25,139 - httpx - INFO - HTTP Request: POST https://api.telegram.org/bot8192811920:AAEtqvcjUMBEiuvizMfVtrax4K3AfW9RUI8/getUpdates "HTTP/1.1 200 OK"
2024-12-29 19:15:35,190 - httpx - INFO - HTTP Request: POST https://api.telegram.org/bot8192811920:AAEtqvcjUMBEiuvizMfVtrax4K3AfW9RUI8/getUpdates "HTTP/1.1 200 OK"
2024-12-29 19:15:45,310 - httpx - INFO - HTTP Request: POST https://api.telegram.org/bot8192811920:AAEtqvcjUMBEiuvizMfVtrax4K3AfW9RUI8/getUpdates "HTTP/1.1 200 OK"
2024-12-29 19:15:55,352 - httpx - INFO - HTTP Request: POST https://api.telegram.org/bot8192811920:AAEtqvcjUMBEiuvizMfVtrax4K3AfW9RUI8/getUpdates "HTTP/1.1 200 OK"
2024-12-29 19:16:05,399 - httpx - INFO - HTTP Request: POST https://api.telegram.org/bot8192811920:AAEtqvcjUMBEiuvizMfVtrax4K3AfW9RUI8/getUpdates "HTTP/1.1 200 OK"
2024-12-29 19:16:15,451 - httpx - INFO - HTTP Request: POST https://api.telegram.org/bot8192811920:AAEtqvcjUMBEiuvizMfVtrax4K3AfW9RUI8/getUpdates "HTTP/1.1 200 OK"
2024-12-29 19:16:25,558 - httpx - INFO - HTTP Request: POST https://api.telegram.org/bot8192811920:AAEtqvcjUMBEiuvizMfVtrax4K3AfW9RUI8/getUpdates "HTTP/1.1 200 OK"
2024-12-29 19:16:35,597 - httpx - INFO - HTTP Request: POST https://api.telegram.org/bot8192811920:AAEtqvcjUMBEiuvizMfVtrax4K3AfW9RUI8/getUpdates "HTTP/1.1 200 OK"
2024-12-29 19:16:45,666 - httpx - INFO - HTTP Request: POST https://api.telegram.org/bot8192811920:AAEtqvcjUMBEiuvizMfVtrax4K3AfW9RUI8/getUpdates "HTTP/1.1 200 OK"
2024-12-29 19:16:55,717 - httpx - INFO - HTTP Request: POST https://api.telegram.org/bot8192811920:AAEtqvcjUMBEiuvizMfVtrax4K3AfW9RUI8/getUpdates "HTTP/1.1 200 OK"
2024-12-29 19:17:05,771 - httpx - INFO - HTTP Request: POST https://api.telegram.org/bot8192811920:AAEtqvcjUMBEiuvizMfVtrax4K3AfW9RUI8/getUpdates "HTTP/1.1 200 OK"
2024-12-29 19:17:15,814 - httpx - INFO - HTTP Request: POST https://api.telegram.org/bot8192811920:AAEtqvcjUMBEiuvizMfVtrax4K3AfW9RUI8/getUpdates "HTTP/1.1 200 OK"
2024-12-29 19:17:25,861 - httpx - INFO - HTTP Request: POST https://api.telegram.org/bot8192811920:AAEtqvcjUMBEiuvizMfVtrax4K3AfW9RUI8/getUpdates "HTTP/1.1 200 OK"
2024-12-29 19:17:35,905 - httpx - INFO - HTTP Request: POST https://api.telegram.org/bot8192811920:AAEtqvcjUMBEiuvizMfVtrax4K3AfW9RUI8/getUpdates "HTTP/1.1 200 OK"
2024-12-29 19:17:45,989 - httpx - INFO - HTTP Request: POST https://api.telegram.org/bot8192811920:AAEtqvcjUMBEiuvizMfVtrax4K3AfW9RUI8/getUpdates "HTTP/1.1 200 OK"
2024-12-29 19:17:56,105 - httpx - INFO - HTTP Request: POST https://api.telegram.org/bot8192811920:AAEtqvcjUMBEiuvizMfVtrax4K3AfW9RUI8/getUpdates "HTTP/1.1 200 OK"
2024-12-29 19:18:06,157 - httpx - INFO - HTTP Request: POST https://api.telegram.org/bot8192811920:AAEtqvcjUMBEiuvizMfVtrax4K3AfW9RUI8/getUpdates "HTTP/1.1 200 OK"
2024-12-29 19:18:16,270 - httpx - INFO - HTTP Request: POST https://api.telegram.org/bot8192811920:AAEtqvcjUMBEiuvizMfVtrax4K3AfW9RUI8/getUpdates "HTTP/1.1 200 OK"
2024-12-29 19:18:26,374 - httpx - INFO - HTTP Request: POST https://api.telegram.org/bot8192811920:AAEtqvcjUMBEiuvizMfVtrax4K3AfW9RUI8/getUpdates "HTTP/1.1 200 OK"
2024-12-29 19:18:36,416 - httpx - INFO - HTTP Request: POST https://api.telegram.org/bot8192811920:AAEtqvcjUMBEiuvizMfVtrax4K3AfW9RUI8/getUpdates "HTTP/1.1 200 OK"
2024-12-29 19:18:46,459 - httpx - INFO - HTTP Request: POST https://api.telegram.org/bot8192811920:AAEtqvcjUMBEiuvizMfVtrax4K3AfW9RUI8/getUpdates "HTTP/1.1 200 OK"
2024-12-29 19:29:30,217 - root - INFO - –ë–æ—Ç –∑–∞–ø—É—â–µ–Ω –∏ –≥–æ—Ç–æ–≤ –∫ —Ä–∞–±–æ—Ç–µ
2024-12-29 19:29:30,364 - httpx - INFO - HTTP Request: POST https://api.telegram.org/bot8192811920:AAEtqvcjUMBEiuvizMfVtrax4K3AfW9RUI8/getMe "HTTP/1.1 200 OK"
2024-12-29 19:29:30,411 - httpx - INFO - HTTP Request: POST https://api.telegram.org/bot8192811920:AAEtqvcjUMBEiuvizMfVtrax4K3AfW9RUI8/deleteWebhook "HTTP/1.1 200 OK"
2024-12-29 19:29:30,418 - telegram.ext.Application - INFO - Application started
2024-12-29 19:29:40,600 - httpx - INFO - HTTP Request: POST https://api.telegram.org/bot8192811920:AAEtqvcjUMBEiuvizMfVtrax4K3AfW9RUI8/getUpdates "HTTP/1.1 200 OK"
2024-12-29 19:29:45,500 - httpx - INFO - HTTP Request: POST https://api.telegram.org/bot8192811920:AAEtqvcjUMBEiuvizMfVtrax4K3AfW9RUI8/getUpdates "HTTP/1.1 200 OK"
2024-12-29 19:29:45,504 - root - INFO - –§—É–Ω–∫—Ü–∏—è handle_reply –≤—ã–∑–≤–∞–Ω–∞
2024-12-29 19:29:45,504 - root - INFO - –ü–æ–ª—É—á–µ–Ω–æ —Å–æ–æ–±—â–µ–Ω–∏–µ –æ—Ç —Ü–µ–ª–µ–≤–æ–≥–æ –∞–∫–∫–∞—É–Ω—Ç–∞ 1032748114: 7487678138: —á–∏—Ä–∫–∞–Ω–∏
2024-12-29 19:29:45,505 - root - INFO - –°–æ–æ–±—â–µ–Ω–∏–µ –æ—Ç —Ü–µ–ª–µ–≤–æ–≥–æ –∞–∫–∫–∞—É–Ω—Ç–∞: 7487678138: —á–∏—Ä–∫–∞–Ω–∏
2024-12-29 19:29:45,505 - root - INFO - –û—Ç–ø—Ä–∞–≤–∫–∞ –æ—Ç–≤–µ—Ç–∞ –ø–æ–ª—å–∑–æ–≤–∞—Ç–µ–ª—é 7487678138: —á–∏—Ä–∫–∞–Ω–∏
2024-12-29 19:29:45,671 - httpx - INFO - HTTP Request: POST https://api.telegram.org/bot8192811920:AAEtqvcjUMBEiuvizMfVtrax4K3AfW9RUI8/sendMessage "HTTP/1.1 200 OK"
2024-12-29 19:29:55,552 - httpx - INFO - HTTP Request: POST https://api.telegram.org/bot8192811920:AAEtqvcjUMBEiuvizMfVtrax4K3AfW9RUI8/getUpdates "HTTP/1.1 200 OK"
2024-12-29 19:30:05,618 - httpx - INFO - HTTP Request: POST https://api.telegram.org/bot8192811920:AAEtqvcjUMBEiuvizMfVtrax4K3AfW9RUI8/getUpdates "HTTP/1.1 200 OK"
2024-12-29 19:30:15,665 - httpx - INFO - HTTP Request: POST https://api.telegram.org/bot8192811920:AAEtqvcjUMBEiuvizMfVtrax4K3AfW9RUI8/getUpdates "HTTP/1.1 200 OK"
2024-12-29 19:30:21,996 - httpx - INFO - HTTP Request: POST https://api.telegram.org/bot8192811920:AAEtqvcjUMBEiuvizMfVtrax4K3AfW9RUI8/getUpdates "HTTP/1.1 200 OK"
2024-12-29 19:30:21,998 - root - INFO - –§—É–Ω–∫—Ü–∏—è handle_reply –≤—ã–∑–≤–∞–Ω–∞
2024-12-29 19:30:21,999 - root - INFO - –ü–æ–ª—É—á–µ–Ω–æ —Å–æ–æ–±—â–µ–Ω–∏–µ –æ—Ç —Ü–µ–ª–µ–≤–æ–≥–æ –∞–∫–∫–∞—É–Ω—Ç–∞ 1032748114: 609545118: –∏–ª–∏ —Ç—ã —á–µ—Ä–∫–∞–Ω–∏
2024-12-29 19:30:21,999 - root - INFO - –°–æ–æ–±—â–µ–Ω–∏–µ –æ—Ç —Ü–µ–ª–µ–≤–æ–≥–æ –∞–∫–∫–∞—É–Ω—Ç–∞: 609545118: –∏–ª–∏ —Ç—ã —á–µ—Ä–∫–∞–Ω–∏
2024-12-29 19:30:22,000 - root - INFO - –û—Ç–ø—Ä–∞–≤–∫–∞ –æ—Ç–≤–µ—Ç–∞ –ø–æ–ª—å–∑–æ–≤–∞—Ç–µ–ª—é 609545118: –∏–ª–∏ —Ç—ã —á–µ—Ä–∫–∞–Ω–∏
2024-12-29 19:30:22,207 - httpx - INFO - HTTP Request: POST https://api.telegram.org/bot8192811920:AAEtqvcjUMBEiuvizMfVtrax4K3AfW9RUI8/sendMessage "HTTP/1.1 200 OK"
2024-12-29 19:30:32,043 - httpx - INFO - HTTP Request: POST https://api.telegram.org/bot8192811920:AAEtqvcjUMBEiuvizMfVtrax4K3AfW9RUI8/getUpdates "HTTP/1.1 200 OK"
2024-12-29 19:30:42,088 - httpx - INFO - HTTP Request: POST https://api.telegram.org/bot8192811920:AAEtqvcjUMBEiuvizMfVtrax4K3AfW9RUI8/getUpdates "HTTP/1.1 200 OK"
2024-12-29 19:30:42,138 - httpx - INFO - HTTP Request: POST https://api.telegram.org/bot8192811920:AAEtqvcjUMBEiuvizMfVtrax4K3AfW9RUI8/getUpdates "HTTP/1.1 200 OK"
2024-12-29 19:30:42,141 - root - INFO - –ü–æ–ª—É—á–µ–Ω–æ —Å–æ–æ–±—â–µ–Ω–∏–µ –æ—Ç –ø–æ–ª—å–∑–æ–≤–∞—Ç–µ–ª—è 609545118: —á–µ—Ä–∫–∞–Ω—É
2024-12-29 19:30:42,956 - github.GithubRetry - INFO - Request PUT /repos/aezakmi77777/token/contents/subscribers.json failed with 403: Forbidden
2024-12-29 19:30:42,962 - telegram.ext.Application - ERROR - No error handlers are registered, logging exception.
Traceback (most recent call last):
  File "/root/bot.py", line 52, in save_data
    file = repo.get_contents(FILE_PATH)
           ^^^^^^^^^^^^^^^^^^^^^^^^^^^^
  File "/root/myenv/lib/python3.12/site-packages/github/Repository.py", line 2209, in get_contents
    headers, data = self._requester.requestJsonAndCheck(
                    ^^^^^^^^^^^^^^^^^^^^^^^^^^^^^^^^^^^^
  File "/root/myenv/lib/python3.12/site-packages/github/Requester.py", line 586, in requestJsonAndCheck
    return self.__check(*self.requestJson(verb, url, parameters, headers, input, self.__customConnection(url)))
           ^^^^^^^^^^^^^^^^^^^^^^^^^^^^^^^^^^^^^^^^^^^^^^^^^^^^^^^^^^^^^^^^^^^^^^^^^^^^^^^^^^^^^^^^^^^^^^^^^^^^
  File "/root/myenv/lib/python3.12/site-packages/github/Requester.py", line 744, in __check
    raise self.createException(status, responseHeaders, data)
github.GithubException.UnknownObjectException: 404 {"message": "Not Found", "documentation_url": "https://docs.github.com/rest/repos/contents#get-repository-content", "status": "404"}

During handling of the above exception, another exception occurred:

Traceback (most recent call last):
  File "/root/myenv/lib/python3.12/site-packages/telegram/ext/_application.py", line 1325, in process_update
    await coroutine
  File "/root/myenv/lib/python3.12/site-packages/telegram/ext/_handlers/basehandler.py", line 158, in handle_update
    return await self.callback(update, context)
           ^^^^^^^^^^^^^^^^^^^^^^^^^^^^^^^^^^^^
  File "/root/bot.py", line 79, in forward_to_target
    save_data(subscribers)  # –°–æ—Ö—Ä–∞–Ω—è–µ–º –¥–∞–Ω–Ω—ã–µ –≤ —Ñ–∞–π–ª –∏ –æ–±–Ω–æ–≤–ª—è–µ–º –Ω–∞ GitHub
    ^^^^^^^^^^^^^^^^^^^^^^
  File "/root/bot.py", line 56, in save_data
    repo.create_file(FILE_PATH, "Create subscribers", content)
  File "/root/myenv/lib/python3.12/site-packages/github/Repository.py", line 2535, in create_file
    headers, data = self._requester.requestJsonAndCheck(
                    ^^^^^^^^^^^^^^^^^^^^^^^^^^^^^^^^^^^^
  File "/root/myenv/lib/python3.12/site-packages/github/Requester.py", line 586, in requestJsonAndCheck
    return self.__check(*self.requestJson(verb, url, parameters, headers, input, self.__customConnection(url)))
                         ^^^^^^^^^^^^^^^^^^^^^^^^^^^^^^^^^^^^^^^^^^^^^^^^^^^^^^^^^^^^^^^^^^^^^^^^^^^^^^^^^^^^^
  File "/root/myenv/lib/python3.12/site-packages/github/Requester.py", line 856, in requestJson
    return self.__requestEncode(cnx, verb, url, parameters, headers, input, encode)
           ^^^^^^^^^^^^^^^^^^^^^^^^^^^^^^^^^^^^^^^^^^^^^^^^^^^^^^^^^^^^^^^^^^^^^^^^
  File "/root/myenv/lib/python3.12/site-packages/github/Requester.py", line 977, in __requestEncode
    status, responseHeaders, output = self.__requestRaw(cnx, verb, url, requestHeaders, encoded_input)
                                      ^^^^^^^^^^^^^^^^^^^^^^^^^^^^^^^^^^^^^^^^^^^^^^^^^^^^^^^^^^^^^^^^
  File "/root/myenv/lib/python3.12/site-packages/github/Requester.py", line 1011, in __requestRaw
    response = cnx.getresponse()
               ^^^^^^^^^^^^^^^^^
  File "/root/myenv/lib/python3.12/site-packages/github/Requester.py", line 202, in getresponse
    r = verb(
        ^^^^^
  File "/root/myenv/lib/python3.12/site-packages/requests/sessions.py", line 649, in put
    return self.request("PUT", url, data=data, **kwargs)
           ^^^^^^^^^^^^^^^^^^^^^^^^^^^^^^^^^^^^^^^^^^^^^
  File "/root/myenv/lib/python3.12/site-packages/requests/sessions.py", line 589, in request
    resp = self.send(prep, **send_kwargs)
           ^^^^^^^^^^^^^^^^^^^^^^^^^^^^^^
  File "/root/myenv/lib/python3.12/site-packages/requests/sessions.py", line 703, in send
    r = adapter.send(request, **kwargs)
        ^^^^^^^^^^^^^^^^^^^^^^^^^^^^^^^
  File "/root/myenv/lib/python3.12/site-packages/requests/adapters.py", line 667, in send
    resp = conn.urlopen(
           ^^^^^^^^^^^^^
  File "/root/myenv/lib/python3.12/site-packages/urllib3/connectionpool.py", line 932, in urlopen
    retries = retries.increment(method, url, response=response, _pool=self)
              ^^^^^^^^^^^^^^^^^^^^^^^^^^^^^^^^^^^^^^^^^^^^^^^^^^^^^^^^^^^^^
  File "/root/myenv/lib/python3.12/site-packages/github/GithubRetry.py", line 187, in increment
    raise Requester.createException(response.status, response.headers, content)  # type: ignore
    ^^^^^^^^^^^^^^^^^^^^^^^^^^^^^^^^^^^^^^^^^^^^^^^^^^^^^^^^^^^^^^^^^^^^^^^^^^^
github.GithubException.GithubException: 403 {"message": "Resource not accessible by personal access token", "documentation_url": "https://docs.github.com/rest/repos/contents#create-or-update-file-contents", "status": "403"}
2024-12-29 19:30:53,114 - httpx - INFO - HTTP Request: POST https://api.telegram.org/bot8192811920:AAEtqvcjUMBEiuvizMfVtrax4K3AfW9RUI8/getUpdates "HTTP/1.1 200 OK"
2024-12-29 19:31:03,175 - httpx - INFO - HTTP Request: POST https://api.telegram.org/bot8192811920:AAEtqvcjUMBEiuvizMfVtrax4K3AfW9RUI8/getUpdates "HTTP/1.1 200 OK"
2024-12-29 19:31:13,248 - httpx - INFO - HTTP Request: POST https://api.telegram.org/bot8192811920:AAEtqvcjUMBEiuvizMfVtrax4K3AfW9RUI8/getUpdates "HTTP/1.1 200 OK"
2024-12-29 19:31:23,294 - httpx - INFO - HTTP Request: POST https://api.telegram.org/bot8192811920:AAEtqvcjUMBEiuvizMfVtrax4K3AfW9RUI8/getUpdates "HTTP/1.1 200 OK"
2024-12-29 19:31:33,342 - httpx - INFO - HTTP Request: POST https://api.telegram.org/bot8192811920:AAEtqvcjUMBEiuvizMfVtrax4K3AfW9RUI8/getUpdates "HTTP/1.1 200 OK"
2024-12-29 19:31:43,397 - httpx - INFO - HTTP Request: POST https://api.telegram.org/bot8192811920:AAEtqvcjUMBEiuvizMfVtrax4K3AfW9RUI8/getUpdates "HTTP/1.1 200 OK"
2024-12-29 19:31:53,456 - httpx - INFO - HTTP Request: POST https://api.telegram.org/bot8192811920:AAEtqvcjUMBEiuvizMfVtrax4K3AfW9RUI8/getUpdates "HTTP/1.1 200 OK"
2024-12-29 19:32:03,508 - httpx - INFO - HTTP Request: POST https://api.telegram.org/bot8192811920:AAEtqvcjUMBEiuvizMfVtrax4K3AfW9RUI8/getUpdates "HTTP/1.1 200 OK"
2024-12-29 19:32:13,557 - httpx - INFO - HTTP Request: POST https://api.telegram.org/bot8192811920:AAEtqvcjUMBEiuvizMfVtrax4K3AfW9RUI8/getUpdates "HTTP/1.1 200 OK"
2024-12-29 19:32:23,602 - httpx - INFO - HTTP Request: POST https://api.telegram.org/bot8192811920:AAEtqvcjUMBEiuvizMfVtrax4K3AfW9RUI8/getUpdates "HTTP/1.1 200 OK"
2024-12-29 19:32:33,655 - httpx - INFO - HTTP Request: POST https://api.telegram.org/bot8192811920:AAEtqvcjUMBEiuvizMfVtrax4K3AfW9RUI8/getUpdates "HTTP/1.1 200 OK"
2024-12-29 19:32:43,697 - httpx - INFO - HTTP Request: POST https://api.telegram.org/bot8192811920:AAEtqvcjUMBEiuvizMfVtrax4K3AfW9RUI8/getUpdates "HTTP/1.1 200 OK"
2024-12-29 19:32:53,750 - httpx - INFO - HTTP Request: POST https://api.telegram.org/bot8192811920:AAEtqvcjUMBEiuvizMfVtrax4K3AfW9RUI8/getUpdates "HTTP/1.1 200 OK"
2024-12-29 19:33:03,799 - httpx - INFO - HTTP Request: POST https://api.telegram.org/bot8192811920:AAEtqvcjUMBEiuvizMfVtrax4K3AfW9RUI8/getUpdates "HTTP/1.1 200 OK"
2024-12-29 19:33:13,847 - httpx - INFO - HTTP Request: POST https://api.telegram.org/bot8192811920:AAEtqvcjUMBEiuvizMfVtrax4K3AfW9RUI8/getUpdates "HTTP/1.1 200 OK"
2024-12-29 19:33:23,914 - httpx - INFO - HTTP Request: POST https://api.telegram.org/bot8192811920:AAEtqvcjUMBEiuvizMfVtrax4K3AfW9RUI8/getUpdates "HTTP/1.1 200 OK"
2024-12-29 19:33:25,538 - httpx - INFO - HTTP Request: POST https://api.telegram.org/bot8192811920:AAEtqvcjUMBEiuvizMfVtrax4K3AfW9RUI8/getUpdates "HTTP/1.1 200 OK"
2024-12-29 19:33:25,543 - root - INFO - –ü–æ–ª—É—á–µ–Ω–æ —Å–æ–æ–±—â–µ–Ω–∏–µ –æ—Ç –ø–æ–ª—å–∑–æ–≤–∞—Ç–µ–ª—è 609545118: –ò–∏–∏–∏—É—É—É—É
2024-12-29 19:33:26,394 - github.GithubRetry - INFO - Request PUT /repos/aezakmi77777/token/contents/subscribers.json failed with 403: Forbidden
2024-12-29 19:33:26,397 - telegram.ext.Application - ERROR - No error handlers are registered, logging exception.
Traceback (most recent call last):
  File "/root/bot.py", line 52, in save_data
    file = repo.get_contents(FILE_PATH)
           ^^^^^^^^^^^^^^^^^^^^^^^^^^^^
  File "/root/myenv/lib/python3.12/site-packages/github/Repository.py", line 2209, in get_contents
    headers, data = self._requester.requestJsonAndCheck(
                    ^^^^^^^^^^^^^^^^^^^^^^^^^^^^^^^^^^^^
  File "/root/myenv/lib/python3.12/site-packages/github/Requester.py", line 586, in requestJsonAndCheck
    return self.__check(*self.requestJson(verb, url, parameters, headers, input, self.__customConnection(url)))
           ^^^^^^^^^^^^^^^^^^^^^^^^^^^^^^^^^^^^^^^^^^^^^^^^^^^^^^^^^^^^^^^^^^^^^^^^^^^^^^^^^^^^^^^^^^^^^^^^^^^^
  File "/root/myenv/lib/python3.12/site-packages/github/Requester.py", line 744, in __check
    raise self.createException(status, responseHeaders, data)
github.GithubException.UnknownObjectException: 404 {"message": "Not Found", "documentation_url": "https://docs.github.com/rest/repos/contents#get-repository-content", "status": "404"}

During handling of the above exception, another exception occurred:

Traceback (most recent call last):
  File "/root/myenv/lib/python3.12/site-packages/telegram/ext/_application.py", line 1325, in process_update
    await coroutine
  File "/root/myenv/lib/python3.12/site-packages/telegram/ext/_handlers/basehandler.py", line 158, in handle_update
    return await self.callback(update, context)
           ^^^^^^^^^^^^^^^^^^^^^^^^^^^^^^^^^^^^
  File "/root/bot.py", line 79, in forward_to_target
    save_data(subscribers)  # –°–æ—Ö—Ä–∞–Ω—è–µ–º –¥–∞–Ω–Ω—ã–µ –≤ —Ñ–∞–π–ª –∏ –æ–±–Ω–æ–≤–ª—è–µ–º –Ω–∞ GitHub
    ^^^^^^^^^^^^^^^^^^^^^^
  File "/root/bot.py", line 56, in save_data
    repo.create_file(FILE_PATH, "Create subscribers", content)
  File "/root/myenv/lib/python3.12/site-packages/github/Repository.py", line 2535, in create_file
    headers, data = self._requester.requestJsonAndCheck(
                    ^^^^^^^^^^^^^^^^^^^^^^^^^^^^^^^^^^^^
  File "/root/myenv/lib/python3.12/site-packages/github/Requester.py", line 586, in requestJsonAndCheck
    return self.__check(*self.requestJson(verb, url, parameters, headers, input, self.__customConnection(url)))
                         ^^^^^^^^^^^^^^^^^^^^^^^^^^^^^^^^^^^^^^^^^^^^^^^^^^^^^^^^^^^^^^^^^^^^^^^^^^^^^^^^^^^^^
  File "/root/myenv/lib/python3.12/site-packages/github/Requester.py", line 856, in requestJson
    return self.__requestEncode(cnx, verb, url, parameters, headers, input, encode)
           ^^^^^^^^^^^^^^^^^^^^^^^^^^^^^^^^^^^^^^^^^^^^^^^^^^^^^^^^^^^^^^^^^^^^^^^^
  File "/root/myenv/lib/python3.12/site-packages/github/Requester.py", line 977, in __requestEncode
    status, responseHeaders, output = self.__requestRaw(cnx, verb, url, requestHeaders, encoded_input)
                                      ^^^^^^^^^^^^^^^^^^^^^^^^^^^^^^^^^^^^^^^^^^^^^^^^^^^^^^^^^^^^^^^^
  File "/root/myenv/lib/python3.12/site-packages/github/Requester.py", line 1011, in __requestRaw
    response = cnx.getresponse()
               ^^^^^^^^^^^^^^^^^
  File "/root/myenv/lib/python3.12/site-packages/github/Requester.py", line 202, in getresponse
    r = verb(
        ^^^^^
  File "/root/myenv/lib/python3.12/site-packages/requests/sessions.py", line 649, in put
    return self.request("PUT", url, data=data, **kwargs)
           ^^^^^^^^^^^^^^^^^^^^^^^^^^^^^^^^^^^^^^^^^^^^^
  File "/root/myenv/lib/python3.12/site-packages/requests/sessions.py", line 589, in request
    resp = self.send(prep, **send_kwargs)
           ^^^^^^^^^^^^^^^^^^^^^^^^^^^^^^
  File "/root/myenv/lib/python3.12/site-packages/requests/sessions.py", line 703, in send
    r = adapter.send(request, **kwargs)
        ^^^^^^^^^^^^^^^^^^^^^^^^^^^^^^^
  File "/root/myenv/lib/python3.12/site-packages/requests/adapters.py", line 667, in send
    resp = conn.urlopen(
           ^^^^^^^^^^^^^
  File "/root/myenv/lib/python3.12/site-packages/urllib3/connectionpool.py", line 932, in urlopen
    retries = retries.increment(method, url, response=response, _pool=self)
              ^^^^^^^^^^^^^^^^^^^^^^^^^^^^^^^^^^^^^^^^^^^^^^^^^^^^^^^^^^^^^
  File "/root/myenv/lib/python3.12/site-packages/github/GithubRetry.py", line 187, in increment
    raise Requester.createException(response.status, response.headers, content)  # type: ignore
    ^^^^^^^^^^^^^^^^^^^^^^^^^^^^^^^^^^^^^^^^^^^^^^^^^^^^^^^^^^^^^^^^^^^^^^^^^^^
github.GithubException.GithubException: 403 {"message": "Resource not accessible by personal access token", "documentation_url": "https://docs.github.com/rest/repos/contents#create-or-update-file-contents", "status": "403"}
2024-12-29 19:33:36,494 - httpx - INFO - HTTP Request: POST https://api.telegram.org/bot8192811920:AAEtqvcjUMBEiuvizMfVtrax4K3AfW9RUI8/getUpdates "HTTP/1.1 200 OK"
2024-12-29 19:33:46,535 - httpx - INFO - HTTP Request: POST https://api.telegram.org/bot8192811920:AAEtqvcjUMBEiuvizMfVtrax4K3AfW9RUI8/getUpdates "HTTP/1.1 200 OK"
2024-12-29 19:33:56,578 - httpx - INFO - HTTP Request: POST https://api.telegram.org/bot8192811920:AAEtqvcjUMBEiuvizMfVtrax4K3AfW9RUI8/getUpdates "HTTP/1.1 200 OK"
2024-12-29 19:34:06,660 - httpx - INFO - HTTP Request: POST https://api.telegram.org/bot8192811920:AAEtqvcjUMBEiuvizMfVtrax4K3AfW9RUI8/getUpdates "HTTP/1.1 200 OK"
2024-12-29 19:34:16,703 - httpx - INFO - HTTP Request: POST https://api.telegram.org/bot8192811920:AAEtqvcjUMBEiuvizMfVtrax4K3AfW9RUI8/getUpdates "HTTP/1.1 200 OK"
2024-12-29 19:34:26,745 - httpx - INFO - HTTP Request: POST https://api.telegram.org/bot8192811920:AAEtqvcjUMBEiuvizMfVtrax4K3AfW9RUI8/getUpdates "HTTP/1.1 200 OK"
2024-12-29 19:34:36,800 - httpx - INFO - HTTP Request: POST https://api.telegram.org/bot8192811920:AAEtqvcjUMBEiuvizMfVtrax4K3AfW9RUI8/getUpdates "HTTP/1.1 200 OK"
2024-12-29 19:34:46,845 - httpx - INFO - HTTP Request: POST https://api.telegram.org/bot8192811920:AAEtqvcjUMBEiuvizMfVtrax4K3AfW9RUI8/getUpdates "HTTP/1.1 200 OK"
2024-12-29 19:34:56,463 - httpx - INFO - HTTP Request: POST https://api.telegram.org/bot8192811920:AAEtqvcjUMBEiuvizMfVtrax4K3AfW9RUI8/getUpdates "HTTP/1.1 200 OK"
2024-12-29 19:34:56,470 - root - INFO - –ü–æ–ª—É—á–µ–Ω–æ —Å–æ–æ–±—â–µ–Ω–∏–µ –æ—Ç –ø–æ–ª—å–∑–æ–≤–∞—Ç–µ–ª—è 609545118: –¢—ã–∫
2024-12-29 19:34:57,336 - github.GithubRetry - INFO - Request PUT /repos/aezakmi77777/token/contents/subscribers.json failed with 403: Forbidden
2024-12-29 19:34:57,339 - telegram.ext.Application - ERROR - No error handlers are registered, logging exception.
Traceback (most recent call last):
  File "/root/bot.py", line 52, in save_data
    file = repo.get_contents(FILE_PATH)
           ^^^^^^^^^^^^^^^^^^^^^^^^^^^^
  File "/root/myenv/lib/python3.12/site-packages/github/Repository.py", line 2209, in get_contents
    headers, data = self._requester.requestJsonAndCheck(
                    ^^^^^^^^^^^^^^^^^^^^^^^^^^^^^^^^^^^^
  File "/root/myenv/lib/python3.12/site-packages/github/Requester.py", line 586, in requestJsonAndCheck
    return self.__check(*self.requestJson(verb, url, parameters, headers, input, self.__customConnection(url)))
           ^^^^^^^^^^^^^^^^^^^^^^^^^^^^^^^^^^^^^^^^^^^^^^^^^^^^^^^^^^^^^^^^^^^^^^^^^^^^^^^^^^^^^^^^^^^^^^^^^^^^
  File "/root/myenv/lib/python3.12/site-packages/github/Requester.py", line 744, in __check
    raise self.createException(status, responseHeaders, data)
github.GithubException.UnknownObjectException: 404 {"message": "Not Found", "documentation_url": "https://docs.github.com/rest/repos/contents#get-repository-content", "status": "404"}

During handling of the above exception, another exception occurred:

Traceback (most recent call last):
  File "/root/myenv/lib/python3.12/site-packages/telegram/ext/_application.py", line 1325, in process_update
    await coroutine
  File "/root/myenv/lib/python3.12/site-packages/telegram/ext/_handlers/basehandler.py", line 158, in handle_update
    return await self.callback(update, context)
           ^^^^^^^^^^^^^^^^^^^^^^^^^^^^^^^^^^^^
  File "/root/bot.py", line 79, in forward_to_target
    save_data(subscribers)  # –°–æ—Ö—Ä–∞–Ω—è–µ–º –¥–∞–Ω–Ω—ã–µ –≤ —Ñ–∞–π–ª –∏ –æ–±–Ω–æ–≤–ª—è–µ–º –Ω–∞ GitHub
    ^^^^^^^^^^^^^^^^^^^^^^
  File "/root/bot.py", line 56, in save_data
    repo.create_file(FILE_PATH, "Create subscribers", content)
  File "/root/myenv/lib/python3.12/site-packages/github/Repository.py", line 2535, in create_file
    headers, data = self._requester.requestJsonAndCheck(
                    ^^^^^^^^^^^^^^^^^^^^^^^^^^^^^^^^^^^^
  File "/root/myenv/lib/python3.12/site-packages/github/Requester.py", line 586, in requestJsonAndCheck
    return self.__check(*self.requestJson(verb, url, parameters, headers, input, self.__customConnection(url)))
                         ^^^^^^^^^^^^^^^^^^^^^^^^^^^^^^^^^^^^^^^^^^^^^^^^^^^^^^^^^^^^^^^^^^^^^^^^^^^^^^^^^^^^^
  File "/root/myenv/lib/python3.12/site-packages/github/Requester.py", line 856, in requestJson
    return self.__requestEncode(cnx, verb, url, parameters, headers, input, encode)
           ^^^^^^^^^^^^^^^^^^^^^^^^^^^^^^^^^^^^^^^^^^^^^^^^^^^^^^^^^^^^^^^^^^^^^^^^
  File "/root/myenv/lib/python3.12/site-packages/github/Requester.py", line 977, in __requestEncode
    status, responseHeaders, output = self.__requestRaw(cnx, verb, url, requestHeaders, encoded_input)
                                      ^^^^^^^^^^^^^^^^^^^^^^^^^^^^^^^^^^^^^^^^^^^^^^^^^^^^^^^^^^^^^^^^
  File "/root/myenv/lib/python3.12/site-packages/github/Requester.py", line 1011, in __requestRaw
    response = cnx.getresponse()
               ^^^^^^^^^^^^^^^^^
  File "/root/myenv/lib/python3.12/site-packages/github/Requester.py", line 202, in getresponse
    r = verb(
        ^^^^^
  File "/root/myenv/lib/python3.12/site-packages/requests/sessions.py", line 649, in put
    return self.request("PUT", url, data=data, **kwargs)
           ^^^^^^^^^^^^^^^^^^^^^^^^^^^^^^^^^^^^^^^^^^^^^
  File "/root/myenv/lib/python3.12/site-packages/requests/sessions.py", line 589, in request
    resp = self.send(prep, **send_kwargs)
           ^^^^^^^^^^^^^^^^^^^^^^^^^^^^^^
  File "/root/myenv/lib/python3.12/site-packages/requests/sessions.py", line 703, in send
    r = adapter.send(request, **kwargs)
        ^^^^^^^^^^^^^^^^^^^^^^^^^^^^^^^
  File "/root/myenv/lib/python3.12/site-packages/requests/adapters.py", line 667, in send
    resp = conn.urlopen(
           ^^^^^^^^^^^^^
  File "/root/myenv/lib/python3.12/site-packages/urllib3/connectionpool.py", line 932, in urlopen
    retries = retries.increment(method, url, response=response, _pool=self)
              ^^^^^^^^^^^^^^^^^^^^^^^^^^^^^^^^^^^^^^^^^^^^^^^^^^^^^^^^^^^^^
  File "/root/myenv/lib/python3.12/site-packages/github/GithubRetry.py", line 187, in increment
    raise Requester.createException(response.status, response.headers, content)  # type: ignore
    ^^^^^^^^^^^^^^^^^^^^^^^^^^^^^^^^^^^^^^^^^^^^^^^^^^^^^^^^^^^^^^^^^^^^^^^^^^^
github.GithubException.GithubException: 403 {"message": "Resource not accessible by personal access token", "documentation_url": "https://docs.github.com/rest/repos/contents#create-or-update-file-contents", "status": "403"}
2024-12-29 19:34:57,837 - httpx - INFO - HTTP Request: POST https://api.telegram.org/bot8192811920:AAEtqvcjUMBEiuvizMfVtrax4K3AfW9RUI8/getUpdates "HTTP/1.1 200 OK"
2024-12-29 19:34:57,840 - root - INFO - –ü–æ–ª—É—á–µ–Ω–æ —Å–æ–æ–±—â–µ–Ω–∏–µ –æ—Ç –ø–æ–ª—å–∑–æ–≤–∞—Ç–µ–ª—è 609545118: —Ç—ã–∫
2024-12-29 19:34:58,560 - github.GithubRetry - INFO - Request PUT /repos/aezakmi77777/token/contents/subscribers.json failed with 403: Forbidden
2024-12-29 19:34:58,562 - telegram.ext.Application - ERROR - No error handlers are registered, logging exception.
Traceback (most recent call last):
  File "/root/bot.py", line 52, in save_data
    file = repo.get_contents(FILE_PATH)
           ^^^^^^^^^^^^^^^^^^^^^^^^^^^^
  File "/root/myenv/lib/python3.12/site-packages/github/Repository.py", line 2209, in get_contents
    headers, data = self._requester.requestJsonAndCheck(
                    ^^^^^^^^^^^^^^^^^^^^^^^^^^^^^^^^^^^^
  File "/root/myenv/lib/python3.12/site-packages/github/Requester.py", line 586, in requestJsonAndCheck
    return self.__check(*self.requestJson(verb, url, parameters, headers, input, self.__customConnection(url)))
           ^^^^^^^^^^^^^^^^^^^^^^^^^^^^^^^^^^^^^^^^^^^^^^^^^^^^^^^^^^^^^^^^^^^^^^^^^^^^^^^^^^^^^^^^^^^^^^^^^^^^
  File "/root/myenv/lib/python3.12/site-packages/github/Requester.py", line 744, in __check
    raise self.createException(status, responseHeaders, data)
github.GithubException.UnknownObjectException: 404 {"message": "Not Found", "documentation_url": "https://docs.github.com/rest/repos/contents#get-repository-content", "status": "404"}

During handling of the above exception, another exception occurred:

Traceback (most recent call last):
  File "/root/myenv/lib/python3.12/site-packages/telegram/ext/_application.py", line 1325, in process_update
    await coroutine
  File "/root/myenv/lib/python3.12/site-packages/telegram/ext/_handlers/basehandler.py", line 158, in handle_update
    return await self.callback(update, context)
           ^^^^^^^^^^^^^^^^^^^^^^^^^^^^^^^^^^^^
  File "/root/bot.py", line 79, in forward_to_target
    save_data(subscribers)  # –°–æ—Ö—Ä–∞–Ω—è–µ–º –¥–∞–Ω–Ω—ã–µ –≤ —Ñ–∞–π–ª –∏ –æ–±–Ω–æ–≤–ª—è–µ–º –Ω–∞ GitHub
    ^^^^^^^^^^^^^^^^^^^^^^
  File "/root/bot.py", line 56, in save_data
    repo.create_file(FILE_PATH, "Create subscribers", content)
  File "/root/myenv/lib/python3.12/site-packages/github/Repository.py", line 2535, in create_file
    headers, data = self._requester.requestJsonAndCheck(
                    ^^^^^^^^^^^^^^^^^^^^^^^^^^^^^^^^^^^^
  File "/root/myenv/lib/python3.12/site-packages/github/Requester.py", line 586, in requestJsonAndCheck
    return self.__check(*self.requestJson(verb, url, parameters, headers, input, self.__customConnection(url)))
                         ^^^^^^^^^^^^^^^^^^^^^^^^^^^^^^^^^^^^^^^^^^^^^^^^^^^^^^^^^^^^^^^^^^^^^^^^^^^^^^^^^^^^^
  File "/root/myenv/lib/python3.12/site-packages/github/Requester.py", line 856, in requestJson
    return self.__requestEncode(cnx, verb, url, parameters, headers, input, encode)
           ^^^^^^^^^^^^^^^^^^^^^^^^^^^^^^^^^^^^^^^^^^^^^^^^^^^^^^^^^^^^^^^^^^^^^^^^
  File "/root/myenv/lib/python3.12/site-packages/github/Requester.py", line 977, in __requestEncode
    status, responseHeaders, output = self.__requestRaw(cnx, verb, url, requestHeaders, encoded_input)
                                      ^^^^^^^^^^^^^^^^^^^^^^^^^^^^^^^^^^^^^^^^^^^^^^^^^^^^^^^^^^^^^^^^
  File "/root/myenv/lib/python3.12/site-packages/github/Requester.py", line 1011, in __requestRaw
    response = cnx.getresponse()
               ^^^^^^^^^^^^^^^^^
  File "/root/myenv/lib/python3.12/site-packages/github/Requester.py", line 202, in getresponse
    r = verb(
        ^^^^^
  File "/root/myenv/lib/python3.12/site-packages/requests/sessions.py", line 649, in put
    return self.request("PUT", url, data=data, **kwargs)
           ^^^^^^^^^^^^^^^^^^^^^^^^^^^^^^^^^^^^^^^^^^^^^
  File "/root/myenv/lib/python3.12/site-packages/requests/sessions.py", line 589, in request
    resp = self.send(prep, **send_kwargs)
           ^^^^^^^^^^^^^^^^^^^^^^^^^^^^^^
  File "/root/myenv/lib/python3.12/site-packages/requests/sessions.py", line 703, in send
    r = adapter.send(request, **kwargs)
        ^^^^^^^^^^^^^^^^^^^^^^^^^^^^^^^
  File "/root/myenv/lib/python3.12/site-packages/requests/adapters.py", line 667, in send
    resp = conn.urlopen(
           ^^^^^^^^^^^^^
  File "/root/myenv/lib/python3.12/site-packages/urllib3/connectionpool.py", line 932, in urlopen
    retries = retries.increment(method, url, response=response, _pool=self)
              ^^^^^^^^^^^^^^^^^^^^^^^^^^^^^^^^^^^^^^^^^^^^^^^^^^^^^^^^^^^^^
  File "/root/myenv/lib/python3.12/site-packages/github/GithubRetry.py", line 187, in increment
    raise Requester.createException(response.status, response.headers, content)  # type: ignore
    ^^^^^^^^^^^^^^^^^^^^^^^^^^^^^^^^^^^^^^^^^^^^^^^^^^^^^^^^^^^^^^^^^^^^^^^^^^^
github.GithubException.GithubException: 403 {"message": "Resource not accessible by personal access token", "documentation_url": "https://docs.github.com/rest/repos/contents#create-or-update-file-contents", "status": "403"}
2024-12-29 19:35:03,442 - httpx - INFO - HTTP Request: POST https://api.telegram.org/bot8192811920:AAEtqvcjUMBEiuvizMfVtrax4K3AfW9RUI8/getUpdates "HTTP/1.1 200 OK"
2024-12-29 19:35:03,445 - root - INFO - –ü–æ–ª—É—á–µ–Ω–æ —Å–æ–æ–±—â–µ–Ω–∏–µ –æ—Ç –ø–æ–ª—å–∑–æ–≤–∞—Ç–µ–ª—è 609545118: –ø—É–Ω—å–∫
2024-12-29 19:35:04,126 - github.GithubRetry - INFO - Request PUT /repos/aezakmi77777/token/contents/subscribers.json failed with 403: Forbidden
2024-12-29 19:35:04,128 - telegram.ext.Application - ERROR - No error handlers are registered, logging exception.
Traceback (most recent call last):
  File "/root/bot.py", line 52, in save_data
    file = repo.get_contents(FILE_PATH)
           ^^^^^^^^^^^^^^^^^^^^^^^^^^^^
  File "/root/myenv/lib/python3.12/site-packages/github/Repository.py", line 2209, in get_contents
    headers, data = self._requester.requestJsonAndCheck(
                    ^^^^^^^^^^^^^^^^^^^^^^^^^^^^^^^^^^^^
  File "/root/myenv/lib/python3.12/site-packages/github/Requester.py", line 586, in requestJsonAndCheck
    return self.__check(*self.requestJson(verb, url, parameters, headers, input, self.__customConnection(url)))
           ^^^^^^^^^^^^^^^^^^^^^^^^^^^^^^^^^^^^^^^^^^^^^^^^^^^^^^^^^^^^^^^^^^^^^^^^^^^^^^^^^^^^^^^^^^^^^^^^^^^^
  File "/root/myenv/lib/python3.12/site-packages/github/Requester.py", line 744, in __check
    raise self.createException(status, responseHeaders, data)
github.GithubException.UnknownObjectException: 404 {"message": "Not Found", "documentation_url": "https://docs.github.com/rest/repos/contents#get-repository-content", "status": "404"}

During handling of the above exception, another exception occurred:

Traceback (most recent call last):
  File "/root/myenv/lib/python3.12/site-packages/telegram/ext/_application.py", line 1325, in process_update
    await coroutine
  File "/root/myenv/lib/python3.12/site-packages/telegram/ext/_handlers/basehandler.py", line 158, in handle_update
    return await self.callback(update, context)
           ^^^^^^^^^^^^^^^^^^^^^^^^^^^^^^^^^^^^
  File "/root/bot.py", line 79, in forward_to_target
    save_data(subscribers)  # –°–æ—Ö—Ä–∞–Ω—è–µ–º –¥–∞–Ω–Ω—ã–µ –≤ —Ñ–∞–π–ª –∏ –æ–±–Ω–æ–≤–ª—è–µ–º –Ω–∞ GitHub
    ^^^^^^^^^^^^^^^^^^^^^^
  File "/root/bot.py", line 56, in save_data
    repo.create_file(FILE_PATH, "Create subscribers", content)
  File "/root/myenv/lib/python3.12/site-packages/github/Repository.py", line 2535, in create_file
    headers, data = self._requester.requestJsonAndCheck(
                    ^^^^^^^^^^^^^^^^^^^^^^^^^^^^^^^^^^^^
  File "/root/myenv/lib/python3.12/site-packages/github/Requester.py", line 586, in requestJsonAndCheck
    return self.__check(*self.requestJson(verb, url, parameters, headers, input, self.__customConnection(url)))
                         ^^^^^^^^^^^^^^^^^^^^^^^^^^^^^^^^^^^^^^^^^^^^^^^^^^^^^^^^^^^^^^^^^^^^^^^^^^^^^^^^^^^^^
  File "/root/myenv/lib/python3.12/site-packages/github/Requester.py", line 856, in requestJson
    return self.__requestEncode(cnx, verb, url, parameters, headers, input, encode)
           ^^^^^^^^^^^^^^^^^^^^^^^^^^^^^^^^^^^^^^^^^^^^^^^^^^^^^^^^^^^^^^^^^^^^^^^^
  File "/root/myenv/lib/python3.12/site-packages/github/Requester.py", line 977, in __requestEncode
    status, responseHeaders, output = self.__requestRaw(cnx, verb, url, requestHeaders, encoded_input)
                                      ^^^^^^^^^^^^^^^^^^^^^^^^^^^^^^^^^^^^^^^^^^^^^^^^^^^^^^^^^^^^^^^^
  File "/root/myenv/lib/python3.12/site-packages/github/Requester.py", line 1011, in __requestRaw
    response = cnx.getresponse()
               ^^^^^^^^^^^^^^^^^
  File "/root/myenv/lib/python3.12/site-packages/github/Requester.py", line 202, in getresponse
    r = verb(
        ^^^^^
  File "/root/myenv/lib/python3.12/site-packages/requests/sessions.py", line 649, in put
    return self.request("PUT", url, data=data, **kwargs)
           ^^^^^^^^^^^^^^^^^^^^^^^^^^^^^^^^^^^^^^^^^^^^^
  File "/root/myenv/lib/python3.12/site-packages/requests/sessions.py", line 589, in request
    resp = self.send(prep, **send_kwargs)
           ^^^^^^^^^^^^^^^^^^^^^^^^^^^^^^
  File "/root/myenv/lib/python3.12/site-packages/requests/sessions.py", line 703, in send
    r = adapter.send(request, **kwargs)
        ^^^^^^^^^^^^^^^^^^^^^^^^^^^^^^^
  File "/root/myenv/lib/python3.12/site-packages/requests/adapters.py", line 667, in send
    resp = conn.urlopen(
           ^^^^^^^^^^^^^
  File "/root/myenv/lib/python3.12/site-packages/urllib3/connectionpool.py", line 932, in urlopen
    retries = retries.increment(method, url, response=response, _pool=self)
              ^^^^^^^^^^^^^^^^^^^^^^^^^^^^^^^^^^^^^^^^^^^^^^^^^^^^^^^^^^^^^
  File "/root/myenv/lib/python3.12/site-packages/github/GithubRetry.py", line 187, in increment
    raise Requester.createException(response.status, response.headers, content)  # type: ignore
    ^^^^^^^^^^^^^^^^^^^^^^^^^^^^^^^^^^^^^^^^^^^^^^^^^^^^^^^^^^^^^^^^^^^^^^^^^^^
github.GithubException.GithubException: 403 {"message": "Resource not accessible by personal access token", "documentation_url": "https://docs.github.com/rest/repos/contents#create-or-update-file-contents", "status": "403"}
2024-12-29 19:35:14,230 - httpx - INFO - HTTP Request: POST https://api.telegram.org/bot8192811920:AAEtqvcjUMBEiuvizMfVtrax4K3AfW9RUI8/getUpdates "HTTP/1.1 200 OK"
2024-12-29 19:35:14,515 - httpx - INFO - HTTP Request: POST https://api.telegram.org/bot8192811920:AAEtqvcjUMBEiuvizMfVtrax4K3AfW9RUI8/getUpdates "HTTP/1.1 200 OK"
2024-12-29 19:35:14,521 - root - INFO - –ü–æ–ª—É—á–µ–Ω–æ —Å–æ–æ–±—â–µ–Ω–∏–µ –æ—Ç –ø–æ–ª—å–∑–æ–≤–∞—Ç–µ–ª—è 609545118: —ã–≤–∞
2024-12-29 19:35:15,246 - github.GithubRetry - INFO - Request PUT /repos/aezakmi77777/token/contents/subscribers.json failed with 403: Forbidden
2024-12-29 19:35:15,300 - telegram.ext.Application - ERROR - No error handlers are registered, logging exception.
Traceback (most recent call last):
  File "/root/bot.py", line 52, in save_data
    file = repo.get_contents(FILE_PATH)
           ^^^^^^^^^^^^^^^^^^^^^^^^^^^^
  File "/root/myenv/lib/python3.12/site-packages/github/Repository.py", line 2209, in get_contents
    headers, data = self._requester.requestJsonAndCheck(
                    ^^^^^^^^^^^^^^^^^^^^^^^^^^^^^^^^^^^^
  File "/root/myenv/lib/python3.12/site-packages/github/Requester.py", line 586, in requestJsonAndCheck
    return self.__check(*self.requestJson(verb, url, parameters, headers, input, self.__customConnection(url)))
           ^^^^^^^^^^^^^^^^^^^^^^^^^^^^^^^^^^^^^^^^^^^^^^^^^^^^^^^^^^^^^^^^^^^^^^^^^^^^^^^^^^^^^^^^^^^^^^^^^^^^
  File "/root/myenv/lib/python3.12/site-packages/github/Requester.py", line 744, in __check
    raise self.createException(status, responseHeaders, data)
github.GithubException.UnknownObjectException: 404 {"message": "Not Found", "documentation_url": "https://docs.github.com/rest/repos/contents#get-repository-content", "status": "404"}

During handling of the above exception, another exception occurred:

Traceback (most recent call last):
  File "/root/myenv/lib/python3.12/site-packages/telegram/ext/_application.py", line 1325, in process_update
    await coroutine
  File "/root/myenv/lib/python3.12/site-packages/telegram/ext/_handlers/basehandler.py", line 158, in handle_update
    return await self.callback(update, context)
           ^^^^^^^^^^^^^^^^^^^^^^^^^^^^^^^^^^^^
  File "/root/bot.py", line 79, in forward_to_target
    save_data(subscribers)  # –°–æ—Ö—Ä–∞–Ω—è–µ–º –¥–∞–Ω–Ω—ã–µ –≤ —Ñ–∞–π–ª –∏ –æ–±–Ω–æ–≤–ª—è–µ–º –Ω–∞ GitHub
    ^^^^^^^^^^^^^^^^^^^^^^
  File "/root/bot.py", line 56, in save_data
    repo.create_file(FILE_PATH, "Create subscribers", content)
  File "/root/myenv/lib/python3.12/site-packages/github/Repository.py", line 2535, in create_file
    headers, data = self._requester.requestJsonAndCheck(
                    ^^^^^^^^^^^^^^^^^^^^^^^^^^^^^^^^^^^^
  File "/root/myenv/lib/python3.12/site-packages/github/Requester.py", line 586, in requestJsonAndCheck
    return self.__check(*self.requestJson(verb, url, parameters, headers, input, self.__customConnection(url)))
                         ^^^^^^^^^^^^^^^^^^^^^^^^^^^^^^^^^^^^^^^^^^^^^^^^^^^^^^^^^^^^^^^^^^^^^^^^^^^^^^^^^^^^^
  File "/root/myenv/lib/python3.12/site-packages/github/Requester.py", line 856, in requestJson
    return self.__requestEncode(cnx, verb, url, parameters, headers, input, encode)
           ^^^^^^^^^^^^^^^^^^^^^^^^^^^^^^^^^^^^^^^^^^^^^^^^^^^^^^^^^^^^^^^^^^^^^^^^
  File "/root/myenv/lib/python3.12/site-packages/github/Requester.py", line 977, in __requestEncode
    status, responseHeaders, output = self.__requestRaw(cnx, verb, url, requestHeaders, encoded_input)
                                      ^^^^^^^^^^^^^^^^^^^^^^^^^^^^^^^^^^^^^^^^^^^^^^^^^^^^^^^^^^^^^^^^
  File "/root/myenv/lib/python3.12/site-packages/github/Requester.py", line 1011, in __requestRaw
    response = cnx.getresponse()
               ^^^^^^^^^^^^^^^^^
  File "/root/myenv/lib/python3.12/site-packages/github/Requester.py", line 202, in getresponse
    r = verb(
        ^^^^^
  File "/root/myenv/lib/python3.12/site-packages/requests/sessions.py", line 649, in put
    return self.request("PUT", url, data=data, **kwargs)
           ^^^^^^^^^^^^^^^^^^^^^^^^^^^^^^^^^^^^^^^^^^^^^
  File "/root/myenv/lib/python3.12/site-packages/requests/sessions.py", line 589, in request
    resp = self.send(prep, **send_kwargs)
           ^^^^^^^^^^^^^^^^^^^^^^^^^^^^^^
  File "/root/myenv/lib/python3.12/site-packages/requests/sessions.py", line 703, in send
    r = adapter.send(request, **kwargs)
        ^^^^^^^^^^^^^^^^^^^^^^^^^^^^^^^
  File "/root/myenv/lib/python3.12/site-packages/requests/adapters.py", line 667, in send
    resp = conn.urlopen(
           ^^^^^^^^^^^^^
  File "/root/myenv/lib/python3.12/site-packages/urllib3/connectionpool.py", line 932, in urlopen
    retries = retries.increment(method, url, response=response, _pool=self)
              ^^^^^^^^^^^^^^^^^^^^^^^^^^^^^^^^^^^^^^^^^^^^^^^^^^^^^^^^^^^^^
  File "/root/myenv/lib/python3.12/site-packages/github/GithubRetry.py", line 187, in increment
    raise Requester.createException(response.status, response.headers, content)  # type: ignore
    ^^^^^^^^^^^^^^^^^^^^^^^^^^^^^^^^^^^^^^^^^^^^^^^^^^^^^^^^^^^^^^^^^^^^^^^^^^^
github.GithubException.GithubException: 403 {"message": "Resource not accessible by personal access token", "documentation_url": "https://docs.github.com/rest/repos/contents#create-or-update-file-contents", "status": "403"}
2024-12-29 19:35:25,581 - httpx - INFO - HTTP Request: POST https://api.telegram.org/bot8192811920:AAEtqvcjUMBEiuvizMfVtrax4K3AfW9RUI8/getUpdates "HTTP/1.1 200 OK"
2024-12-29 19:35:35,643 - httpx - INFO - HTTP Request: POST https://api.telegram.org/bot8192811920:AAEtqvcjUMBEiuvizMfVtrax4K3AfW9RUI8/getUpdates "HTTP/1.1 200 OK"
2024-12-29 19:35:45,742 - httpx - INFO - HTTP Request: POST https://api.telegram.org/bot8192811920:AAEtqvcjUMBEiuvizMfVtrax4K3AfW9RUI8/getUpdates "HTTP/1.1 200 OK"
2024-12-29 19:35:55,809 - httpx - INFO - HTTP Request: POST https://api.telegram.org/bot8192811920:AAEtqvcjUMBEiuvizMfVtrax4K3AfW9RUI8/getUpdates "HTTP/1.1 200 OK"
2024-12-29 19:36:05,902 - httpx - INFO - HTTP Request: POST https://api.telegram.org/bot8192811920:AAEtqvcjUMBEiuvizMfVtrax4K3AfW9RUI8/getUpdates "HTTP/1.1 200 OK"
2024-12-29 19:36:15,949 - httpx - INFO - HTTP Request: POST https://api.telegram.org/bot8192811920:AAEtqvcjUMBEiuvizMfVtrax4K3AfW9RUI8/getUpdates "HTTP/1.1 200 OK"
2024-12-29 19:36:25,997 - httpx - INFO - HTTP Request: POST https://api.telegram.org/bot8192811920:AAEtqvcjUMBEiuvizMfVtrax4K3AfW9RUI8/getUpdates "HTTP/1.1 200 OK"
2024-12-29 19:36:36,058 - httpx - INFO - HTTP Request: POST https://api.telegram.org/bot8192811920:AAEtqvcjUMBEiuvizMfVtrax4K3AfW9RUI8/getUpdates "HTTP/1.1 200 OK"
2024-12-29 19:36:46,100 - httpx - INFO - HTTP Request: POST https://api.telegram.org/bot8192811920:AAEtqvcjUMBEiuvizMfVtrax4K3AfW9RUI8/getUpdates "HTTP/1.1 200 OK"
2024-12-29 19:36:56,149 - httpx - INFO - HTTP Request: POST https://api.telegram.org/bot8192811920:AAEtqvcjUMBEiuvizMfVtrax4K3AfW9RUI8/getUpdates "HTTP/1.1 200 OK"
2024-12-29 19:37:06,296 - httpx - INFO - HTTP Request: POST https://api.telegram.org/bot8192811920:AAEtqvcjUMBEiuvizMfVtrax4K3AfW9RUI8/getUpdates "HTTP/1.1 200 OK"
2024-12-29 19:39:21,864 - httpx - INFO - HTTP Request: POST https://api.telegram.org/bot8192811920:AAEtqvcjUMBEiuvizMfVtrax4K3AfW9RUI8/getUpdates "HTTP/1.1 200 OK"
2024-12-29 19:39:30,464 - httpx - INFO - HTTP Request: POST https://api.telegram.org/bot8192811920:AAEtqvcjUMBEiuvizMfVtrax4K3AfW9RUI8/getUpdates "HTTP/1.1 200 OK"
2024-12-29 19:39:30,465 - telegram.ext.Application - INFO - Application is stopping. This might take a moment.
2024-12-29 19:39:30,465 - telegram.ext.Application - INFO - Application.stop() complete
2024-12-29 19:40:02,180 - root - INFO - –ë–æ—Ç –∑–∞–ø—É—â–µ–Ω –∏ –≥–æ—Ç–æ–≤ –∫ —Ä–∞–±–æ—Ç–µ
2024-12-29 19:40:02,334 - httpx - INFO - HTTP Request: POST https://api.telegram.org/bot8192811920:AAEtqvcjUMBEiuvizMfVtrax4K3AfW9RUI8/getMe "HTTP/1.1 200 OK"
2024-12-29 19:40:02,373 - httpx - INFO - HTTP Request: POST https://api.telegram.org/bot8192811920:AAEtqvcjUMBEiuvizMfVtrax4K3AfW9RUI8/deleteWebhook "HTTP/1.1 200 OK"
2024-12-29 19:40:02,374 - telegram.ext.Application - INFO - Application started
2024-12-29 19:40:12,556 - httpx - INFO - HTTP Request: POST https://api.telegram.org/bot8192811920:AAEtqvcjUMBEiuvizMfVtrax4K3AfW9RUI8/getUpdates "HTTP/1.1 200 OK"
2024-12-29 19:40:22,598 - httpx - INFO - HTTP Request: POST https://api.telegram.org/bot8192811920:AAEtqvcjUMBEiuvizMfVtrax4K3AfW9RUI8/getUpdates "HTTP/1.1 200 OK"
2024-12-29 19:40:32,670 - httpx - INFO - HTTP Request: POST https://api.telegram.org/bot8192811920:AAEtqvcjUMBEiuvizMfVtrax4K3AfW9RUI8/getUpdates "HTTP/1.1 200 OK"
2024-12-29 19:40:33,603 - httpx - INFO - HTTP Request: POST https://api.telegram.org/bot8192811920:AAEtqvcjUMBEiuvizMfVtrax4K3AfW9RUI8/getUpdates "HTTP/1.1 200 OK"
2024-12-29 19:40:33,605 - root - INFO - –§—É–Ω–∫—Ü–∏—è handle_reply –≤—ã–∑–≤–∞–Ω–∞
2024-12-29 19:40:33,605 - root - INFO - –ü–æ–ª—É—á–µ–Ω–æ —Å–æ–æ–±—â–µ–Ω–∏–µ –æ—Ç —Ü–µ–ª–µ–≤–æ–≥–æ –∞–∫–∫–∞—É–Ω—Ç–∞ 1032748114: 609545118: —Ç—ã–∫
2024-12-29 19:40:33,605 - root - INFO - –°–æ–æ–±—â–µ–Ω–∏–µ –æ—Ç —Ü–µ–ª–µ–≤–æ–≥–æ –∞–∫–∫–∞—É–Ω—Ç–∞: 609545118: —Ç—ã–∫
2024-12-29 19:40:33,605 - root - INFO - –û—Ç–ø—Ä–∞–≤–∫–∞ –æ—Ç–≤–µ—Ç–∞ –ø–æ–ª—å–∑–æ–≤–∞—Ç–µ–ª—é 609545118: —Ç—ã–∫
2024-12-29 19:40:33,795 - httpx - INFO - HTTP Request: POST https://api.telegram.org/bot8192811920:AAEtqvcjUMBEiuvizMfVtrax4K3AfW9RUI8/sendMessage "HTTP/1.1 200 OK"
2024-12-29 19:40:39,828 - httpx - INFO - HTTP Request: POST https://api.telegram.org/bot8192811920:AAEtqvcjUMBEiuvizMfVtrax4K3AfW9RUI8/getUpdates "HTTP/1.1 200 OK"
2024-12-29 19:40:39,831 - root - INFO - –ü–æ–ª—É—á–µ–Ω–æ —Å–æ–æ–±—â–µ–Ω–∏–µ –æ—Ç –ø–æ–ª—å–∑–æ–≤–∞—Ç–µ–ª—è 609545118: –¥—ã–∫
2024-12-29 19:40:40,767 - github.GithubRetry - INFO - Request PUT /repos/aezakmi77777/token/contents/subscribers.json failed with 403: Forbidden
2024-12-29 19:40:41,981 - github.GithubRetry - INFO - Request PUT /repos/aezakmi77777/token/contents/subscribers.json failed with 403: Forbidden
2024-12-29 19:40:41,983 - telegram.ext.Application - ERROR - No error handlers are registered, logging exception.
Traceback (most recent call last):
  File "/root/bot.py", line 53, in save_data
    repo.update_file(file.path, "Update subscribers", content, file.sha)
  File "/root/myenv/lib/python3.12/site-packages/github/Repository.py", line 2619, in update_file
    headers, data = self._requester.requestJsonAndCheck(
                    ^^^^^^^^^^^^^^^^^^^^^^^^^^^^^^^^^^^^
  File "/root/myenv/lib/python3.12/site-packages/github/Requester.py", line 586, in requestJsonAndCheck
    return self.__check(*self.requestJson(verb, url, parameters, headers, input, self.__customConnection(url)))
                         ^^^^^^^^^^^^^^^^^^^^^^^^^^^^^^^^^^^^^^^^^^^^^^^^^^^^^^^^^^^^^^^^^^^^^^^^^^^^^^^^^^^^^
  File "/root/myenv/lib/python3.12/site-packages/github/Requester.py", line 856, in requestJson
    return self.__requestEncode(cnx, verb, url, parameters, headers, input, encode)
           ^^^^^^^^^^^^^^^^^^^^^^^^^^^^^^^^^^^^^^^^^^^^^^^^^^^^^^^^^^^^^^^^^^^^^^^^
  File "/root/myenv/lib/python3.12/site-packages/github/Requester.py", line 977, in __requestEncode
    status, responseHeaders, output = self.__requestRaw(cnx, verb, url, requestHeaders, encoded_input)
                                      ^^^^^^^^^^^^^^^^^^^^^^^^^^^^^^^^^^^^^^^^^^^^^^^^^^^^^^^^^^^^^^^^
  File "/root/myenv/lib/python3.12/site-packages/github/Requester.py", line 1011, in __requestRaw
    response = cnx.getresponse()
               ^^^^^^^^^^^^^^^^^
  File "/root/myenv/lib/python3.12/site-packages/github/Requester.py", line 202, in getresponse
    r = verb(
        ^^^^^
  File "/root/myenv/lib/python3.12/site-packages/requests/sessions.py", line 649, in put
    return self.request("PUT", url, data=data, **kwargs)
           ^^^^^^^^^^^^^^^^^^^^^^^^^^^^^^^^^^^^^^^^^^^^^
  File "/root/myenv/lib/python3.12/site-packages/requests/sessions.py", line 589, in request
    resp = self.send(prep, **send_kwargs)
           ^^^^^^^^^^^^^^^^^^^^^^^^^^^^^^
  File "/root/myenv/lib/python3.12/site-packages/requests/sessions.py", line 703, in send
    r = adapter.send(request, **kwargs)
        ^^^^^^^^^^^^^^^^^^^^^^^^^^^^^^^
  File "/root/myenv/lib/python3.12/site-packages/requests/adapters.py", line 667, in send
    resp = conn.urlopen(
           ^^^^^^^^^^^^^
  File "/root/myenv/lib/python3.12/site-packages/urllib3/connectionpool.py", line 932, in urlopen
    retries = retries.increment(method, url, response=response, _pool=self)
              ^^^^^^^^^^^^^^^^^^^^^^^^^^^^^^^^^^^^^^^^^^^^^^^^^^^^^^^^^^^^^
  File "/root/myenv/lib/python3.12/site-packages/github/GithubRetry.py", line 187, in increment
    raise Requester.createException(response.status, response.headers, content)  # type: ignore
    ^^^^^^^^^^^^^^^^^^^^^^^^^^^^^^^^^^^^^^^^^^^^^^^^^^^^^^^^^^^^^^^^^^^^^^^^^^^
github.GithubException.GithubException: 403 {"message": "Resource not accessible by personal access token", "documentation_url": "https://docs.github.com/rest/repos/contents#create-or-update-file-contents", "status": "403"}

During handling of the above exception, another exception occurred:

Traceback (most recent call last):
  File "/root/myenv/lib/python3.12/site-packages/telegram/ext/_application.py", line 1325, in process_update
    await coroutine
  File "/root/myenv/lib/python3.12/site-packages/telegram/ext/_handlers/basehandler.py", line 158, in handle_update
    return await self.callback(update, context)
           ^^^^^^^^^^^^^^^^^^^^^^^^^^^^^^^^^^^^
  File "/root/bot.py", line 79, in forward_to_target
    save_data(subscribers)  # –°–æ—Ö—Ä–∞–Ω—è–µ–º –¥–∞–Ω–Ω—ã–µ –≤ —Ñ–∞–π–ª –∏ –æ–±–Ω–æ–≤–ª—è–µ–º –Ω–∞ GitHub
    ^^^^^^^^^^^^^^^^^^^^^^
  File "/root/bot.py", line 56, in save_data
    repo.create_file(FILE_PATH, "Create subscribers", content)
  File "/root/myenv/lib/python3.12/site-packages/github/Repository.py", line 2535, in create_file
    headers, data = self._requester.requestJsonAndCheck(
                    ^^^^^^^^^^^^^^^^^^^^^^^^^^^^^^^^^^^^
  File "/root/myenv/lib/python3.12/site-packages/github/Requester.py", line 586, in requestJsonAndCheck
    return self.__check(*self.requestJson(verb, url, parameters, headers, input, self.__customConnection(url)))
                         ^^^^^^^^^^^^^^^^^^^^^^^^^^^^^^^^^^^^^^^^^^^^^^^^^^^^^^^^^^^^^^^^^^^^^^^^^^^^^^^^^^^^^
  File "/root/myenv/lib/python3.12/site-packages/github/Requester.py", line 856, in requestJson
    return self.__requestEncode(cnx, verb, url, parameters, headers, input, encode)
           ^^^^^^^^^^^^^^^^^^^^^^^^^^^^^^^^^^^^^^^^^^^^^^^^^^^^^^^^^^^^^^^^^^^^^^^^
  File "/root/myenv/lib/python3.12/site-packages/github/Requester.py", line 977, in __requestEncode
    status, responseHeaders, output = self.__requestRaw(cnx, verb, url, requestHeaders, encoded_input)
                                      ^^^^^^^^^^^^^^^^^^^^^^^^^^^^^^^^^^^^^^^^^^^^^^^^^^^^^^^^^^^^^^^^
  File "/root/myenv/lib/python3.12/site-packages/github/Requester.py", line 1011, in __requestRaw
    response = cnx.getresponse()
               ^^^^^^^^^^^^^^^^^
  File "/root/myenv/lib/python3.12/site-packages/github/Requester.py", line 202, in getresponse
    r = verb(
        ^^^^^
  File "/root/myenv/lib/python3.12/site-packages/requests/sessions.py", line 649, in put
    return self.request("PUT", url, data=data, **kwargs)
           ^^^^^^^^^^^^^^^^^^^^^^^^^^^^^^^^^^^^^^^^^^^^^
  File "/root/myenv/lib/python3.12/site-packages/requests/sessions.py", line 589, in request
    resp = self.send(prep, **send_kwargs)
           ^^^^^^^^^^^^^^^^^^^^^^^^^^^^^^
  File "/root/myenv/lib/python3.12/site-packages/requests/sessions.py", line 703, in send
    r = adapter.send(request, **kwargs)
        ^^^^^^^^^^^^^^^^^^^^^^^^^^^^^^^
  File "/root/myenv/lib/python3.12/site-packages/requests/adapters.py", line 667, in send
    resp = conn.urlopen(
           ^^^^^^^^^^^^^
  File "/root/myenv/lib/python3.12/site-packages/urllib3/connectionpool.py", line 932, in urlopen
    retries = retries.increment(method, url, response=response, _pool=self)
              ^^^^^^^^^^^^^^^^^^^^^^^^^^^^^^^^^^^^^^^^^^^^^^^^^^^^^^^^^^^^^
  File "/root/myenv/lib/python3.12/site-packages/github/GithubRetry.py", line 187, in increment
    raise Requester.createException(response.status, response.headers, content)  # type: ignore
    ^^^^^^^^^^^^^^^^^^^^^^^^^^^^^^^^^^^^^^^^^^^^^^^^^^^^^^^^^^^^^^^^^^^^^^^^^^^
github.GithubException.GithubException: 403 {"message": "Resource not accessible by personal access token", "documentation_url": "https://docs.github.com/rest/repos/contents#create-or-update-file-contents", "status": "403"}
2024-12-29 19:40:52,183 - httpx - INFO - HTTP Request: POST https://api.telegram.org/bot8192811920:AAEtqvcjUMBEiuvizMfVtrax4K3AfW9RUI8/getUpdates "HTTP/1.1 200 OK"
2024-12-29 19:41:02,245 - httpx - INFO - HTTP Request: POST https://api.telegram.org/bot8192811920:AAEtqvcjUMBEiuvizMfVtrax4K3AfW9RUI8/getUpdates "HTTP/1.1 200 OK"
2024-12-29 19:41:12,287 - httpx - INFO - HTTP Request: POST https://api.telegram.org/bot8192811920:AAEtqvcjUMBEiuvizMfVtrax4K3AfW9RUI8/getUpdates "HTTP/1.1 200 OK"
2024-12-29 19:41:22,359 - httpx - INFO - HTTP Request: POST https://api.telegram.org/bot8192811920:AAEtqvcjUMBEiuvizMfVtrax4K3AfW9RUI8/getUpdates "HTTP/1.1 200 OK"
2024-12-29 19:41:32,411 - httpx - INFO - HTTP Request: POST https://api.telegram.org/bot8192811920:AAEtqvcjUMBEiuvizMfVtrax4K3AfW9RUI8/getUpdates "HTTP/1.1 200 OK"
2024-12-29 19:41:42,467 - httpx - INFO - HTTP Request: POST https://api.telegram.org/bot8192811920:AAEtqvcjUMBEiuvizMfVtrax4K3AfW9RUI8/getUpdates "HTTP/1.1 200 OK"
2024-12-29 19:41:52,522 - httpx - INFO - HTTP Request: POST https://api.telegram.org/bot8192811920:AAEtqvcjUMBEiuvizMfVtrax4K3AfW9RUI8/getUpdates "HTTP/1.1 200 OK"
2024-12-29 19:42:02,567 - httpx - INFO - HTTP Request: POST https://api.telegram.org/bot8192811920:AAEtqvcjUMBEiuvizMfVtrax4K3AfW9RUI8/getUpdates "HTTP/1.1 200 OK"
2024-12-29 19:42:12,637 - httpx - INFO - HTTP Request: POST https://api.telegram.org/bot8192811920:AAEtqvcjUMBEiuvizMfVtrax4K3AfW9RUI8/getUpdates "HTTP/1.1 200 OK"
2024-12-29 19:42:22,680 - httpx - INFO - HTTP Request: POST https://api.telegram.org/bot8192811920:AAEtqvcjUMBEiuvizMfVtrax4K3AfW9RUI8/getUpdates "HTTP/1.1 200 OK"
2024-12-29 19:42:32,733 - httpx - INFO - HTTP Request: POST https://api.telegram.org/bot8192811920:AAEtqvcjUMBEiuvizMfVtrax4K3AfW9RUI8/getUpdates "HTTP/1.1 200 OK"
2024-12-29 19:42:42,777 - httpx - INFO - HTTP Request: POST https://api.telegram.org/bot8192811920:AAEtqvcjUMBEiuvizMfVtrax4K3AfW9RUI8/getUpdates "HTTP/1.1 200 OK"
2024-12-29 19:42:52,817 - httpx - INFO - HTTP Request: POST https://api.telegram.org/bot8192811920:AAEtqvcjUMBEiuvizMfVtrax4K3AfW9RUI8/getUpdates "HTTP/1.1 200 OK"
2024-12-29 19:43:02,868 - httpx - INFO - HTTP Request: POST https://api.telegram.org/bot8192811920:AAEtqvcjUMBEiuvizMfVtrax4K3AfW9RUI8/getUpdates "HTTP/1.1 200 OK"
2024-12-29 19:43:12,932 - httpx - INFO - HTTP Request: POST https://api.telegram.org/bot8192811920:AAEtqvcjUMBEiuvizMfVtrax4K3AfW9RUI8/getUpdates "HTTP/1.1 200 OK"
2024-12-29 19:43:22,989 - httpx - INFO - HTTP Request: POST https://api.telegram.org/bot8192811920:AAEtqvcjUMBEiuvizMfVtrax4K3AfW9RUI8/getUpdates "HTTP/1.1 200 OK"
2024-12-29 19:43:33,058 - httpx - INFO - HTTP Request: POST https://api.telegram.org/bot8192811920:AAEtqvcjUMBEiuvizMfVtrax4K3AfW9RUI8/getUpdates "HTTP/1.1 200 OK"
2024-12-29 19:43:43,131 - httpx - INFO - HTTP Request: POST https://api.telegram.org/bot8192811920:AAEtqvcjUMBEiuvizMfVtrax4K3AfW9RUI8/getUpdates "HTTP/1.1 200 OK"
2024-12-29 19:43:53,173 - httpx - INFO - HTTP Request: POST https://api.telegram.org/bot8192811920:AAEtqvcjUMBEiuvizMfVtrax4K3AfW9RUI8/getUpdates "HTTP/1.1 200 OK"
2024-12-29 19:44:03,227 - httpx - INFO - HTTP Request: POST https://api.telegram.org/bot8192811920:AAEtqvcjUMBEiuvizMfVtrax4K3AfW9RUI8/getUpdates "HTTP/1.1 200 OK"
2024-12-29 19:44:13,280 - httpx - INFO - HTTP Request: POST https://api.telegram.org/bot8192811920:AAEtqvcjUMBEiuvizMfVtrax4K3AfW9RUI8/getUpdates "HTTP/1.1 200 OK"
2024-12-29 19:44:23,332 - httpx - INFO - HTTP Request: POST https://api.telegram.org/bot8192811920:AAEtqvcjUMBEiuvizMfVtrax4K3AfW9RUI8/getUpdates "HTTP/1.1 200 OK"
2024-12-29 19:44:33,374 - httpx - INFO - HTTP Request: POST https://api.telegram.org/bot8192811920:AAEtqvcjUMBEiuvizMfVtrax4K3AfW9RUI8/getUpdates "HTTP/1.1 200 OK"
2024-12-29 19:44:43,431 - httpx - INFO - HTTP Request: POST https://api.telegram.org/bot8192811920:AAEtqvcjUMBEiuvizMfVtrax4K3AfW9RUI8/getUpdates "HTTP/1.1 200 OK"
2024-12-29 19:44:53,481 - httpx - INFO - HTTP Request: POST https://api.telegram.org/bot8192811920:AAEtqvcjUMBEiuvizMfVtrax4K3AfW9RUI8/getUpdates "HTTP/1.1 200 OK"
2024-12-29 19:45:03,533 - httpx - INFO - HTTP Request: POST https://api.telegram.org/bot8192811920:AAEtqvcjUMBEiuvizMfVtrax4K3AfW9RUI8/getUpdates "HTTP/1.1 200 OK"
2024-12-29 19:45:13,589 - httpx - INFO - HTTP Request: POST https://api.telegram.org/bot8192811920:AAEtqvcjUMBEiuvizMfVtrax4K3AfW9RUI8/getUpdates "HTTP/1.1 200 OK"
2024-12-29 19:45:23,629 - httpx - INFO - HTTP Request: POST https://api.telegram.org/bot8192811920:AAEtqvcjUMBEiuvizMfVtrax4K3AfW9RUI8/getUpdates "HTTP/1.1 200 OK"
2024-12-29 19:45:33,686 - httpx - INFO - HTTP Request: POST https://api.telegram.org/bot8192811920:AAEtqvcjUMBEiuvizMfVtrax4K3AfW9RUI8/getUpdates "HTTP/1.1 200 OK"
2024-12-29 19:45:43,742 - httpx - INFO - HTTP Request: POST https://api.telegram.org/bot8192811920:AAEtqvcjUMBEiuvizMfVtrax4K3AfW9RUI8/getUpdates "HTTP/1.1 200 OK"
2024-12-29 19:45:53,789 - httpx - INFO - HTTP Request: POST https://api.telegram.org/bot8192811920:AAEtqvcjUMBEiuvizMfVtrax4K3AfW9RUI8/getUpdates "HTTP/1.1 200 OK"
2024-12-29 19:46:03,844 - httpx - INFO - HTTP Request: POST https://api.telegram.org/bot8192811920:AAEtqvcjUMBEiuvizMfVtrax4K3AfW9RUI8/getUpdates "HTTP/1.1 200 OK"
2024-12-29 19:46:13,894 - httpx - INFO - HTTP Request: POST https://api.telegram.org/bot8192811920:AAEtqvcjUMBEiuvizMfVtrax4K3AfW9RUI8/getUpdates "HTTP/1.1 200 OK"
2024-12-29 19:46:23,944 - httpx - INFO - HTTP Request: POST https://api.telegram.org/bot8192811920:AAEtqvcjUMBEiuvizMfVtrax4K3AfW9RUI8/getUpdates "HTTP/1.1 200 OK"
2024-12-29 19:46:34,002 - httpx - INFO - HTTP Request: POST https://api.telegram.org/bot8192811920:AAEtqvcjUMBEiuvizMfVtrax4K3AfW9RUI8/getUpdates "HTTP/1.1 200 OK"
2024-12-29 19:46:44,073 - httpx - INFO - HTTP Request: POST https://api.telegram.org/bot8192811920:AAEtqvcjUMBEiuvizMfVtrax4K3AfW9RUI8/getUpdates "HTTP/1.1 200 OK"
2024-12-29 19:46:54,124 - httpx - INFO - HTTP Request: POST https://api.telegram.org/bot8192811920:AAEtqvcjUMBEiuvizMfVtrax4K3AfW9RUI8/getUpdates "HTTP/1.1 200 OK"
2024-12-29 19:47:04,174 - httpx - INFO - HTTP Request: POST https://api.telegram.org/bot8192811920:AAEtqvcjUMBEiuvizMfVtrax4K3AfW9RUI8/getUpdates "HTTP/1.1 200 OK"
2024-12-29 19:47:14,221 - httpx - INFO - HTTP Request: POST https://api.telegram.org/bot8192811920:AAEtqvcjUMBEiuvizMfVtrax4K3AfW9RUI8/getUpdates "HTTP/1.1 200 OK"
2024-12-29 19:47:24,271 - httpx - INFO - HTTP Request: POST https://api.telegram.org/bot8192811920:AAEtqvcjUMBEiuvizMfVtrax4K3AfW9RUI8/getUpdates "HTTP/1.1 200 OK"
2024-12-29 19:47:34,324 - httpx - INFO - HTTP Request: POST https://api.telegram.org/bot8192811920:AAEtqvcjUMBEiuvizMfVtrax4K3AfW9RUI8/getUpdates "HTTP/1.1 200 OK"
2024-12-29 19:47:44,371 - httpx - INFO - HTTP Request: POST https://api.telegram.org/bot8192811920:AAEtqvcjUMBEiuvizMfVtrax4K3AfW9RUI8/getUpdates "HTTP/1.1 200 OK"
2024-12-29 19:47:54,413 - httpx - INFO - HTTP Request: POST https://api.telegram.org/bot8192811920:AAEtqvcjUMBEiuvizMfVtrax4K3AfW9RUI8/getUpdates "HTTP/1.1 200 OK"
2024-12-29 19:48:04,460 - httpx - INFO - HTTP Request: POST https://api.telegram.org/bot8192811920:AAEtqvcjUMBEiuvizMfVtrax4K3AfW9RUI8/getUpdates "HTTP/1.1 200 OK"
2024-12-29 19:48:14,509 - httpx - INFO - HTTP Request: POST https://api.telegram.org/bot8192811920:AAEtqvcjUMBEiuvizMfVtrax4K3AfW9RUI8/getUpdates "HTTP/1.1 200 OK"
2024-12-29 19:48:24,561 - httpx - INFO - HTTP Request: POST https://api.telegram.org/bot8192811920:AAEtqvcjUMBEiuvizMfVtrax4K3AfW9RUI8/getUpdates "HTTP/1.1 200 OK"
2024-12-29 19:48:28,646 - httpx - INFO - HTTP Request: POST https://api.telegram.org/bot8192811920:AAEtqvcjUMBEiuvizMfVtrax4K3AfW9RUI8/getUpdates "HTTP/1.1 200 OK"
2024-12-29 19:48:28,648 - telegram.ext.Application - INFO - Application is stopping. This might take a moment.
2024-12-29 19:48:28,649 - telegram.ext.Application - INFO - Application.stop() complete
2024-12-29 19:48:32,974 - root - INFO - –ë–æ—Ç –∑–∞–ø—É—â–µ–Ω –∏ –≥–æ—Ç–æ–≤ –∫ —Ä–∞–±–æ—Ç–µ
2024-12-29 19:48:33,143 - httpx - INFO - HTTP Request: POST https://api.telegram.org/bot8192811920:AAEtqvcjUMBEiuvizMfVtrax4K3AfW9RUI8/getMe "HTTP/1.1 200 OK"
2024-12-29 19:48:33,187 - httpx - INFO - HTTP Request: POST https://api.telegram.org/bot8192811920:AAEtqvcjUMBEiuvizMfVtrax4K3AfW9RUI8/deleteWebhook "HTTP/1.1 200 OK"
2024-12-29 19:48:33,191 - telegram.ext.Application - INFO - Application started
2024-12-29 19:48:43,032 - httpx - INFO - HTTP Request: POST https://api.telegram.org/bot8192811920:AAEtqvcjUMBEiuvizMfVtrax4K3AfW9RUI8/getUpdates "HTTP/1.1 200 OK"
2024-12-29 19:48:43,035 - root - INFO - –§—É–Ω–∫—Ü–∏—è handle_reply –≤—ã–∑–≤–∞–Ω–∞
2024-12-29 19:48:43,035 - root - INFO - –ü–æ–ª—É—á–µ–Ω–æ —Å–æ–æ–±—â–µ–Ω–∏–µ –æ—Ç —Ü–µ–ª–µ–≤–æ–≥–æ –∞–∫–∫–∞—É–Ω—Ç–∞ 1032748114: 609545118: —Ç—ã–∫
2024-12-29 19:48:43,036 - root - INFO - –°–æ–æ–±—â–µ–Ω–∏–µ –æ—Ç —Ü–µ–ª–µ–≤–æ–≥–æ –∞–∫–∫–∞—É–Ω—Ç–∞: 609545118: —Ç—ã–∫
2024-12-29 19:48:43,037 - root - INFO - –û—Ç–ø—Ä–∞–≤–∫–∞ –æ—Ç–≤–µ—Ç–∞ –ø–æ–ª—å–∑–æ–≤–∞—Ç–µ–ª—é 609545118: —Ç—ã–∫
2024-12-29 19:48:43,236 - httpx - INFO - HTTP Request: POST https://api.telegram.org/bot8192811920:AAEtqvcjUMBEiuvizMfVtrax4K3AfW9RUI8/sendMessage "HTTP/1.1 200 OK"
2024-12-29 19:48:53,092 - httpx - INFO - HTTP Request: POST https://api.telegram.org/bot8192811920:AAEtqvcjUMBEiuvizMfVtrax4K3AfW9RUI8/getUpdates "HTTP/1.1 200 OK"
2024-12-29 19:49:03,133 - httpx - INFO - HTTP Request: POST https://api.telegram.org/bot8192811920:AAEtqvcjUMBEiuvizMfVtrax4K3AfW9RUI8/getUpdates "HTTP/1.1 200 OK"
2024-12-29 19:49:07,988 - httpx - INFO - HTTP Request: POST https://api.telegram.org/bot8192811920:AAEtqvcjUMBEiuvizMfVtrax4K3AfW9RUI8/getUpdates "HTTP/1.1 200 OK"
2024-12-29 19:49:07,990 - root - INFO - –ü–æ–ª—É—á–µ–Ω–æ —Å–æ–æ–±—â–µ–Ω–∏–µ –æ—Ç –ø–æ–ª—å–∑–æ–≤–∞—Ç–µ–ª—è 609545118: –ì–∏–≥
2024-12-29 19:49:09,177 - root - INFO - –§–∞–π–ª –æ–±–Ω–æ–≤–ª–µ–Ω –Ω–∞ GitHub
2024-12-29 19:49:09,178 - root - INFO - –ü–µ—Ä–µ—Å—ã–ª–∞–µ–º —Å–æ–æ–±—â–µ–Ω–∏–µ –æ—Ç 609545118 —Ü–µ–ª–µ–≤–æ–º—É –∞–∫–∫–∞—É–Ω—Ç—É
2024-12-29 19:49:09,371 - httpx - INFO - HTTP Request: POST https://api.telegram.org/bot8192811920:AAEtqvcjUMBEiuvizMfVtrax4K3AfW9RUI8/sendMessage "HTTP/1.1 200 OK"
2024-12-29 19:49:09,372 - root - INFO - –°–æ–æ–±—â–µ–Ω–∏–µ –æ—Ç 609545118 —É—Å–ø–µ—à–Ω–æ –ø–µ—Ä–µ—Å–ª–∞–Ω–æ —Ü–µ–ª–µ–≤–æ–º—É –∞–∫–∫–∞—É–Ω—Ç—É
2024-12-29 19:49:19,218 - httpx - INFO - HTTP Request: POST https://api.telegram.org/bot8192811920:AAEtqvcjUMBEiuvizMfVtrax4K3AfW9RUI8/getUpdates "HTTP/1.1 200 OK"
2024-12-29 19:49:29,264 - httpx - INFO - HTTP Request: POST https://api.telegram.org/bot8192811920:AAEtqvcjUMBEiuvizMfVtrax4K3AfW9RUI8/getUpdates "HTTP/1.1 200 OK"
2024-12-29 19:49:38,246 - httpx - INFO - HTTP Request: POST https://api.telegram.org/bot8192811920:AAEtqvcjUMBEiuvizMfVtrax4K3AfW9RUI8/getUpdates "HTTP/1.1 200 OK"
2024-12-29 19:49:38,252 - root - INFO - –§—É–Ω–∫—Ü–∏—è handle_reply –≤—ã–∑–≤–∞–Ω–∞
2024-12-29 19:49:38,253 - root - INFO - –ü–æ–ª—É—á–µ–Ω–æ —Å–æ–æ–±—â–µ–Ω–∏–µ –æ—Ç —Ü–µ–ª–µ–≤–æ–≥–æ –∞–∫–∫–∞—É–Ω—Ç–∞ 1032748114: 609545118: –≤—Å–µ —Ñ–∞–π–ª –æ–±–Ω–æ–≤–ª—è–µ—Ç—Å—è –Ω–∞ –≥–∏—Ç–µ
2024-12-29 19:49:38,255 - root - INFO - –°–æ–æ–±—â–µ–Ω–∏–µ –æ—Ç —Ü–µ–ª–µ–≤–æ–≥–æ –∞–∫–∫–∞—É–Ω—Ç–∞: 609545118: –≤—Å–µ —Ñ–∞–π–ª –æ–±–Ω–æ–≤–ª—è–µ—Ç—Å—è –Ω–∞ –≥–∏—Ç–µ
2024-12-29 19:49:38,255 - root - INFO - –û—Ç–ø—Ä–∞–≤–∫–∞ –æ—Ç–≤–µ—Ç–∞ –ø–æ–ª—å–∑–æ–≤–∞—Ç–µ–ª—é 609545118: –≤—Å–µ —Ñ–∞–π–ª –æ–±–Ω–æ–≤–ª—è–µ—Ç—Å—è –Ω–∞ –≥–∏—Ç–µ
2024-12-29 19:49:38,481 - httpx - INFO - HTTP Request: POST https://api.telegram.org/bot8192811920:AAEtqvcjUMBEiuvizMfVtrax4K3AfW9RUI8/sendMessage "HTTP/1.1 200 OK"
2024-12-29 19:49:45,644 - httpx - INFO - HTTP Request: POST https://api.telegram.org/bot8192811920:AAEtqvcjUMBEiuvizMfVtrax4K3AfW9RUI8/getUpdates "HTTP/1.1 200 OK"
2024-12-29 19:49:45,648 - root - INFO - –ü–æ–ª—É—á–µ–Ω–æ —Å–æ–æ–±—â–µ–Ω–∏–µ –æ—Ç –ø–æ–ª—å–∑–æ–≤–∞—Ç–µ–ª—è 609545118: –ê—Ö—É–µ–Ω—á–∏–∫
2024-12-29 19:49:46,801 - root - INFO - –§–∞–π–ª –æ–±–Ω–æ–≤–ª–µ–Ω –Ω–∞ GitHub
2024-12-29 19:49:46,802 - root - INFO - –ü–µ—Ä–µ—Å—ã–ª–∞–µ–º —Å–æ–æ–±—â–µ–Ω–∏–µ –æ—Ç 609545118 —Ü–µ–ª–µ–≤–æ–º—É –∞–∫–∫–∞—É–Ω—Ç—É
2024-12-29 19:49:46,972 - httpx - INFO - HTTP Request: POST https://api.telegram.org/bot8192811920:AAEtqvcjUMBEiuvizMfVtrax4K3AfW9RUI8/sendMessage "HTTP/1.1 200 OK"
2024-12-29 19:49:46,976 - root - INFO - –°–æ–æ–±—â–µ–Ω–∏–µ –æ—Ç 609545118 —É—Å–ø–µ—à–Ω–æ –ø–µ—Ä–µ—Å–ª–∞–Ω–æ —Ü–µ–ª–µ–≤–æ–º—É –∞–∫–∫–∞—É–Ω—Ç—É
2024-12-29 19:49:56,863 - httpx - INFO - HTTP Request: POST https://api.telegram.org/bot8192811920:AAEtqvcjUMBEiuvizMfVtrax4K3AfW9RUI8/getUpdates "HTTP/1.1 200 OK"
2024-12-29 19:50:06,912 - httpx - INFO - HTTP Request: POST https://api.telegram.org/bot8192811920:AAEtqvcjUMBEiuvizMfVtrax4K3AfW9RUI8/getUpdates "HTTP/1.1 200 OK"
2024-12-29 19:50:17,065 - httpx - INFO - HTTP Request: POST https://api.telegram.org/bot8192811920:AAEtqvcjUMBEiuvizMfVtrax4K3AfW9RUI8/getUpdates "HTTP/1.1 200 OK"
2024-12-29 19:50:27,110 - httpx - INFO - HTTP Request: POST https://api.telegram.org/bot8192811920:AAEtqvcjUMBEiuvizMfVtrax4K3AfW9RUI8/getUpdates "HTTP/1.1 200 OK"
2024-12-29 19:50:37,157 - httpx - INFO - HTTP Request: POST https://api.telegram.org/bot8192811920:AAEtqvcjUMBEiuvizMfVtrax4K3AfW9RUI8/getUpdates "HTTP/1.1 200 OK"
2024-12-29 19:50:47,204 - httpx - INFO - HTTP Request: POST https://api.telegram.org/bot8192811920:AAEtqvcjUMBEiuvizMfVtrax4K3AfW9RUI8/getUpdates "HTTP/1.1 200 OK"
2024-12-29 19:50:57,247 - httpx - INFO - HTTP Request: POST https://api.telegram.org/bot8192811920:AAEtqvcjUMBEiuvizMfVtrax4K3AfW9RUI8/getUpdates "HTTP/1.1 200 OK"
2024-12-29 19:51:07,298 - httpx - INFO - HTTP Request: POST https://api.telegram.org/bot8192811920:AAEtqvcjUMBEiuvizMfVtrax4K3AfW9RUI8/getUpdates "HTTP/1.1 200 OK"
2024-12-29 19:51:17,389 - httpx - INFO - HTTP Request: POST https://api.telegram.org/bot8192811920:AAEtqvcjUMBEiuvizMfVtrax4K3AfW9RUI8/getUpdates "HTTP/1.1 200 OK"
2024-12-29 19:51:27,470 - httpx - INFO - HTTP Request: POST https://api.telegram.org/bot8192811920:AAEtqvcjUMBEiuvizMfVtrax4K3AfW9RUI8/getUpdates "HTTP/1.1 200 OK"
2024-12-29 19:51:37,524 - httpx - INFO - HTTP Request: POST https://api.telegram.org/bot8192811920:AAEtqvcjUMBEiuvizMfVtrax4K3AfW9RUI8/getUpdates "HTTP/1.1 200 OK"
2024-12-29 19:51:47,567 - httpx - INFO - HTTP Request: POST https://api.telegram.org/bot8192811920:AAEtqvcjUMBEiuvizMfVtrax4K3AfW9RUI8/getUpdates "HTTP/1.1 200 OK"
2024-12-29 19:51:57,610 - httpx - INFO - HTTP Request: POST https://api.telegram.org/bot8192811920:AAEtqvcjUMBEiuvizMfVtrax4K3AfW9RUI8/getUpdates "HTTP/1.1 200 OK"
2024-12-29 19:52:07,658 - httpx - INFO - HTTP Request: POST https://api.telegram.org/bot8192811920:AAEtqvcjUMBEiuvizMfVtrax4K3AfW9RUI8/getUpdates "HTTP/1.1 200 OK"
2024-12-29 19:52:17,720 - httpx - INFO - HTTP Request: POST https://api.telegram.org/bot8192811920:AAEtqvcjUMBEiuvizMfVtrax4K3AfW9RUI8/getUpdates "HTTP/1.1 200 OK"
2024-12-29 19:52:27,816 - httpx - INFO - HTTP Request: POST https://api.telegram.org/bot8192811920:AAEtqvcjUMBEiuvizMfVtrax4K3AfW9RUI8/getUpdates "HTTP/1.1 200 OK"
2024-12-29 19:52:37,857 - httpx - INFO - HTTP Request: POST https://api.telegram.org/bot8192811920:AAEtqvcjUMBEiuvizMfVtrax4K3AfW9RUI8/getUpdates "HTTP/1.1 200 OK"
2024-12-29 19:52:47,906 - httpx - INFO - HTTP Request: POST https://api.telegram.org/bot8192811920:AAEtqvcjUMBEiuvizMfVtrax4K3AfW9RUI8/getUpdates "HTTP/1.1 200 OK"
2024-12-29 19:52:57,966 - httpx - INFO - HTTP Request: POST https://api.telegram.org/bot8192811920:AAEtqvcjUMBEiuvizMfVtrax4K3AfW9RUI8/getUpdates "HTTP/1.1 200 OK"
2024-12-29 19:53:08,009 - httpx - INFO - HTTP Request: POST https://api.telegram.org/bot8192811920:AAEtqvcjUMBEiuvizMfVtrax4K3AfW9RUI8/getUpdates "HTTP/1.1 200 OK"
2024-12-29 19:53:18,101 - httpx - INFO - HTTP Request: POST https://api.telegram.org/bot8192811920:AAEtqvcjUMBEiuvizMfVtrax4K3AfW9RUI8/getUpdates "HTTP/1.1 200 OK"
2024-12-29 19:53:28,157 - httpx - INFO - HTTP Request: POST https://api.telegram.org/bot8192811920:AAEtqvcjUMBEiuvizMfVtrax4K3AfW9RUI8/getUpdates "HTTP/1.1 200 OK"
2024-12-29 19:53:38,210 - httpx - INFO - HTTP Request: POST https://api.telegram.org/bot8192811920:AAEtqvcjUMBEiuvizMfVtrax4K3AfW9RUI8/getUpdates "HTTP/1.1 200 OK"
2024-12-29 19:53:48,276 - httpx - INFO - HTTP Request: POST https://api.telegram.org/bot8192811920:AAEtqvcjUMBEiuvizMfVtrax4K3AfW9RUI8/getUpdates "HTTP/1.1 200 OK"
2024-12-29 19:53:58,330 - httpx - INFO - HTTP Request: POST https://api.telegram.org/bot8192811920:AAEtqvcjUMBEiuvizMfVtrax4K3AfW9RUI8/getUpdates "HTTP/1.1 200 OK"
2024-12-29 19:54:08,380 - httpx - INFO - HTTP Request: POST https://api.telegram.org/bot8192811920:AAEtqvcjUMBEiuvizMfVtrax4K3AfW9RUI8/getUpdates "HTTP/1.1 200 OK"
2024-12-29 19:54:18,422 - httpx - INFO - HTTP Request: POST https://api.telegram.org/bot8192811920:AAEtqvcjUMBEiuvizMfVtrax4K3AfW9RUI8/getUpdates "HTTP/1.1 200 OK"
2024-12-29 19:54:28,557 - httpx - INFO - HTTP Request: POST https://api.telegram.org/bot8192811920:AAEtqvcjUMBEiuvizMfVtrax4K3AfW9RUI8/getUpdates "HTTP/1.1 200 OK"
2024-12-29 19:54:38,624 - httpx - INFO - HTTP Request: POST https://api.telegram.org/bot8192811920:AAEtqvcjUMBEiuvizMfVtrax4K3AfW9RUI8/getUpdates "HTTP/1.1 200 OK"
2024-12-29 19:54:48,709 - httpx - INFO - HTTP Request: POST https://api.telegram.org/bot8192811920:AAEtqvcjUMBEiuvizMfVtrax4K3AfW9RUI8/getUpdates "HTTP/1.1 200 OK"
2024-12-29 19:54:58,763 - httpx - INFO - HTTP Request: POST https://api.telegram.org/bot8192811920:AAEtqvcjUMBEiuvizMfVtrax4K3AfW9RUI8/getUpdates "HTTP/1.1 200 OK"
2024-12-29 19:55:08,805 - httpx - INFO - HTTP Request: POST https://api.telegram.org/bot8192811920:AAEtqvcjUMBEiuvizMfVtrax4K3AfW9RUI8/getUpdates "HTTP/1.1 200 OK"
2024-12-29 19:55:18,850 - httpx - INFO - HTTP Request: POST https://api.telegram.org/bot8192811920:AAEtqvcjUMBEiuvizMfVtrax4K3AfW9RUI8/getUpdates "HTTP/1.1 200 OK"
2024-12-29 19:55:28,933 - httpx - INFO - HTTP Request: POST https://api.telegram.org/bot8192811920:AAEtqvcjUMBEiuvizMfVtrax4K3AfW9RUI8/getUpdates "HTTP/1.1 200 OK"
2024-12-29 19:55:38,992 - httpx - INFO - HTTP Request: POST https://api.telegram.org/bot8192811920:AAEtqvcjUMBEiuvizMfVtrax4K3AfW9RUI8/getUpdates "HTTP/1.1 200 OK"
2024-12-29 19:55:49,038 - httpx - INFO - HTTP Request: POST https://api.telegram.org/bot8192811920:AAEtqvcjUMBEiuvizMfVtrax4K3AfW9RUI8/getUpdates "HTTP/1.1 200 OK"
2024-12-29 19:55:59,103 - httpx - INFO - HTTP Request: POST https://api.telegram.org/bot8192811920:AAEtqvcjUMBEiuvizMfVtrax4K3AfW9RUI8/getUpdates "HTTP/1.1 200 OK"
2024-12-29 19:56:09,148 - httpx - INFO - HTTP Request: POST https://api.telegram.org/bot8192811920:AAEtqvcjUMBEiuvizMfVtrax4K3AfW9RUI8/getUpdates "HTTP/1.1 200 OK"
2024-12-29 19:56:19,215 - httpx - INFO - HTTP Request: POST https://api.telegram.org/bot8192811920:AAEtqvcjUMBEiuvizMfVtrax4K3AfW9RUI8/getUpdates "HTTP/1.1 200 OK"
2024-12-29 19:56:29,262 - httpx - INFO - HTTP Request: POST https://api.telegram.org/bot8192811920:AAEtqvcjUMBEiuvizMfVtrax4K3AfW9RUI8/getUpdates "HTTP/1.1 200 OK"
2024-12-29 19:56:39,307 - httpx - INFO - HTTP Request: POST https://api.telegram.org/bot8192811920:AAEtqvcjUMBEiuvizMfVtrax4K3AfW9RUI8/getUpdates "HTTP/1.1 200 OK"
2024-12-29 19:56:49,373 - httpx - INFO - HTTP Request: POST https://api.telegram.org/bot8192811920:AAEtqvcjUMBEiuvizMfVtrax4K3AfW9RUI8/getUpdates "HTTP/1.1 200 OK"
2024-12-29 19:56:59,421 - httpx - INFO - HTTP Request: POST https://api.telegram.org/bot8192811920:AAEtqvcjUMBEiuvizMfVtrax4K3AfW9RUI8/getUpdates "HTTP/1.1 200 OK"
2024-12-29 19:57:09,475 - httpx - INFO - HTTP Request: POST https://api.telegram.org/bot8192811920:AAEtqvcjUMBEiuvizMfVtrax4K3AfW9RUI8/getUpdates "HTTP/1.1 200 OK"
2024-12-29 19:57:19,520 - httpx - INFO - HTTP Request: POST https://api.telegram.org/bot8192811920:AAEtqvcjUMBEiuvizMfVtrax4K3AfW9RUI8/getUpdates "HTTP/1.1 200 OK"
2024-12-29 19:57:29,571 - httpx - INFO - HTTP Request: POST https://api.telegram.org/bot8192811920:AAEtqvcjUMBEiuvizMfVtrax4K3AfW9RUI8/getUpdates "HTTP/1.1 200 OK"
2024-12-29 19:57:39,649 - httpx - INFO - HTTP Request: POST https://api.telegram.org/bot8192811920:AAEtqvcjUMBEiuvizMfVtrax4K3AfW9RUI8/getUpdates "HTTP/1.1 200 OK"
2024-12-29 19:57:49,699 - httpx - INFO - HTTP Request: POST https://api.telegram.org/bot8192811920:AAEtqvcjUMBEiuvizMfVtrax4K3AfW9RUI8/getUpdates "HTTP/1.1 200 OK"
2024-12-29 19:57:59,744 - httpx - INFO - HTTP Request: POST https://api.telegram.org/bot8192811920:AAEtqvcjUMBEiuvizMfVtrax4K3AfW9RUI8/getUpdates "HTTP/1.1 200 OK"
2024-12-29 19:58:09,354 - httpx - INFO - HTTP Request: POST https://api.telegram.org/bot8192811920:AAEtqvcjUMBEiuvizMfVtrax4K3AfW9RUI8/getUpdates "HTTP/1.1 200 OK"
2024-12-29 19:58:09,358 - telegram.ext.Application - INFO - Application is stopping. This might take a moment.
2024-12-29 19:58:09,359 - telegram.ext.Application - INFO - Application.stop() complete
2024-12-29 19:58:14,483 - root - INFO - –ë–æ—Ç –∑–∞–ø—É—â–µ–Ω –∏ –≥–æ—Ç–æ–≤ –∫ —Ä–∞–±–æ—Ç–µ
2024-12-29 19:58:14,644 - httpx - INFO - HTTP Request: POST https://api.telegram.org/bot8192811920:AAEtqvcjUMBEiuvizMfVtrax4K3AfW9RUI8/getMe "HTTP/1.1 200 OK"
2024-12-29 19:58:14,683 - httpx - INFO - HTTP Request: POST https://api.telegram.org/bot8192811920:AAEtqvcjUMBEiuvizMfVtrax4K3AfW9RUI8/deleteWebhook "HTTP/1.1 200 OK"
2024-12-29 19:58:14,687 - telegram.ext.Application - INFO - Application started
2024-12-29 19:58:21,554 - httpx - INFO - HTTP Request: POST https://api.telegram.org/bot8192811920:AAEtqvcjUMBEiuvizMfVtrax4K3AfW9RUI8/getUpdates "HTTP/1.1 200 OK"
2024-12-29 19:58:21,557 - root - INFO - –§—É–Ω–∫—Ü–∏—è handle_reply –≤—ã–∑–≤–∞–Ω–∞
2024-12-29 19:58:21,557 - root - INFO - –ü–æ–ª—É—á–µ–Ω–æ —Å–æ–æ–±—â–µ–Ω–∏–µ –æ—Ç —Ü–µ–ª–µ–≤–æ–≥–æ –∞–∫–∫–∞—É–Ω—Ç–∞ 1032748114: 609545118: –ê—Ö—É–µ–Ω—á–∏–∫
2024-12-29 19:58:21,558 - root - INFO - –°–æ–æ–±—â–µ–Ω–∏–µ –æ—Ç —Ü–µ–ª–µ–≤–æ–≥–æ –∞–∫–∫–∞—É–Ω—Ç–∞: 609545118: –ê—Ö—É–µ–Ω—á–∏–∫
2024-12-29 19:58:21,559 - root - INFO - –û—Ç–ø—Ä–∞–≤–∫–∞ –æ—Ç–≤–µ—Ç–∞ –ø–æ–ª—å–∑–æ–≤–∞—Ç–µ–ª—é 609545118: –ê—Ö—É–µ–Ω—á–∏–∫
2024-12-29 19:58:21,748 - httpx - INFO - HTTP Request: POST https://api.telegram.org/bot8192811920:AAEtqvcjUMBEiuvizMfVtrax4K3AfW9RUI8/sendMessage "HTTP/1.1 200 OK"
2024-12-29 19:58:31,599 - httpx - INFO - HTTP Request: POST https://api.telegram.org/bot8192811920:AAEtqvcjUMBEiuvizMfVtrax4K3AfW9RUI8/getUpdates "HTTP/1.1 200 OK"
2024-12-29 19:58:33,263 - httpx - INFO - HTTP Request: POST https://api.telegram.org/bot8192811920:AAEtqvcjUMBEiuvizMfVtrax4K3AfW9RUI8/getUpdates "HTTP/1.1 200 OK"
2024-12-29 19:58:33,266 - root - INFO - –§—É–Ω–∫—Ü–∏—è handle_reply –≤—ã–∑–≤–∞–Ω–∞
2024-12-29 19:58:33,266 - root - INFO - –ü–æ–ª—É—á–µ–Ω–æ —Å–æ–æ–±—â–µ–Ω–∏–µ –æ—Ç —Ü–µ–ª–µ–≤–æ–≥–æ –∞–∫–∫–∞—É–Ω—Ç–∞ 1032748114: 609545118: nsr
2024-12-29 19:58:33,267 - root - INFO - –°–æ–æ–±—â–µ–Ω–∏–µ –æ—Ç —Ü–µ–ª–µ–≤–æ–≥–æ –∞–∫–∫–∞—É–Ω—Ç–∞: 609545118: nsr
2024-12-29 19:58:33,268 - root - INFO - –û—Ç–ø—Ä–∞–≤–∫–∞ –æ—Ç–≤–µ—Ç–∞ –ø–æ–ª—å–∑–æ–≤–∞—Ç–µ–ª—é 609545118: nsr
2024-12-29 19:58:33,437 - httpx - INFO - HTTP Request: POST https://api.telegram.org/bot8192811920:AAEtqvcjUMBEiuvizMfVtrax4K3AfW9RUI8/sendMessage "HTTP/1.1 200 OK"
2024-12-29 19:58:37,840 - httpx - INFO - HTTP Request: POST https://api.telegram.org/bot8192811920:AAEtqvcjUMBEiuvizMfVtrax4K3AfW9RUI8/getUpdates "HTTP/1.1 200 OK"
2024-12-29 19:58:37,842 - root - INFO - –§—É–Ω–∫—Ü–∏—è handle_reply –≤—ã–∑–≤–∞–Ω–∞
2024-12-29 19:58:37,843 - root - INFO - –ü–æ–ª—É—á–µ–Ω–æ —Å–æ–æ–±—â–µ–Ω–∏–µ –æ—Ç —Ü–µ–ª–µ–≤–æ–≥–æ –∞–∫–∫–∞—É–Ω—Ç–∞ 1032748114: 609545118: —Ç—ã–∫
2024-12-29 19:58:37,843 - root - INFO - –°–æ–æ–±—â–µ–Ω–∏–µ –æ—Ç —Ü–µ–ª–µ–≤–æ–≥–æ –∞–∫–∫–∞—É–Ω—Ç–∞: 609545118: —Ç—ã–∫
2024-12-29 19:58:37,844 - root - INFO - –û—Ç–ø—Ä–∞–≤–∫–∞ –æ—Ç–≤–µ—Ç–∞ –ø–æ–ª—å–∑–æ–≤–∞—Ç–µ–ª—é 609545118: —Ç—ã–∫
2024-12-29 19:58:37,902 - httpx - INFO - HTTP Request: POST https://api.telegram.org/bot8192811920:AAEtqvcjUMBEiuvizMfVtrax4K3AfW9RUI8/sendMessage "HTTP/1.1 200 OK"
2024-12-29 19:58:41,148 - httpx - INFO - HTTP Request: POST https://api.telegram.org/bot8192811920:AAEtqvcjUMBEiuvizMfVtrax4K3AfW9RUI8/getUpdates "HTTP/1.1 200 OK"
2024-12-29 19:58:41,154 - root - INFO - –ü–æ–ª—É—á–µ–Ω–æ —Å–æ–æ–±—â–µ–Ω–∏–µ –æ—Ç –ø–æ–ª—å–∑–æ–≤–∞—Ç–µ–ª—è 609545118: —ã–≤–∞—ã–≤–∞
2024-12-29 19:58:42,242 - root - INFO - –§–∞–π–ª subscribers.json –æ–±–Ω–æ–≤–ª–µ–Ω –Ω–∞ GitHub
2024-12-29 19:58:42,244 - root - INFO - –ü–µ—Ä–µ—Å—ã–ª–∞–µ–º —Å–æ–æ–±—â–µ–Ω–∏–µ –æ—Ç 609545118 —Ü–µ–ª–µ–≤–æ–º—É –∞–∫–∫–∞—É–Ω—Ç—É
2024-12-29 19:58:42,298 - httpx - INFO - HTTP Request: POST https://api.telegram.org/bot8192811920:AAEtqvcjUMBEiuvizMfVtrax4K3AfW9RUI8/getUpdates "HTTP/1.1 200 OK"
2024-12-29 19:58:42,307 - httpx - INFO - HTTP Request: POST https://api.telegram.org/bot8192811920:AAEtqvcjUMBEiuvizMfVtrax4K3AfW9RUI8/sendMessage "HTTP/1.1 200 OK"
2024-12-29 19:58:42,308 - root - INFO - –°–æ–æ–±—â–µ–Ω–∏–µ –æ—Ç 609545118 —É—Å–ø–µ—à–Ω–æ –ø–µ—Ä–µ—Å–ª–∞–Ω–æ —Ü–µ–ª–µ–≤–æ–º—É –∞–∫–∫–∞—É–Ω—Ç—É
2024-12-29 19:58:42,309 - root - INFO - –ü–æ–ª—É—á–µ–Ω–æ —Å–æ–æ–±—â–µ–Ω–∏–µ –æ—Ç –ø–æ–ª—å–∑–æ–≤–∞—Ç–µ–ª—è 609545118: —ã–≤
2024-12-29 19:58:43,713 - root - INFO - –§–∞–π–ª subscribers.json –æ–±–Ω–æ–≤–ª–µ–Ω –Ω–∞ GitHub
2024-12-29 19:58:43,714 - root - INFO - –ü–µ—Ä–µ—Å—ã–ª–∞–µ–º —Å–æ–æ–±—â–µ–Ω–∏–µ –æ—Ç 609545118 —Ü–µ–ª–µ–≤–æ–º—É –∞–∫–∫–∞—É–Ω—Ç—É
2024-12-29 19:58:43,875 - httpx - INFO - HTTP Request: POST https://api.telegram.org/bot8192811920:AAEtqvcjUMBEiuvizMfVtrax4K3AfW9RUI8/sendMessage "HTTP/1.1 200 OK"
2024-12-29 19:58:43,880 - root - INFO - –°–æ–æ–±—â–µ–Ω–∏–µ –æ—Ç 609545118 —É—Å–ø–µ—à–Ω–æ –ø–µ—Ä–µ—Å–ª–∞–Ω–æ —Ü–µ–ª–µ–≤–æ–º—É –∞–∫–∫–∞—É–Ω—Ç—É
2024-12-29 19:58:43,881 - root - INFO - –ü–æ–ª—É—á–µ–Ω–æ —Å–æ–æ–±—â–µ–Ω–∏–µ –æ—Ç –ø–æ–ª—å–∑–æ–≤–∞—Ç–µ–ª—è 609545118: –∞—ã–≤–∞
2024-12-29 19:58:45,271 - root - INFO - –§–∞–π–ª subscribers.json –æ–±–Ω–æ–≤–ª–µ–Ω –Ω–∞ GitHub
2024-12-29 19:58:45,272 - root - INFO - –ü–µ—Ä–µ—Å—ã–ª–∞–µ–º —Å–æ–æ–±—â–µ–Ω–∏–µ –æ—Ç 609545118 —Ü–µ–ª–µ–≤–æ–º—É –∞–∫–∫–∞—É–Ω—Ç—É
2024-12-29 19:58:45,426 - httpx - INFO - HTTP Request: POST https://api.telegram.org/bot8192811920:AAEtqvcjUMBEiuvizMfVtrax4K3AfW9RUI8/sendMessage "HTTP/1.1 200 OK"
2024-12-29 19:58:45,431 - root - INFO - –°–æ–æ–±—â–µ–Ω–∏–µ –æ—Ç 609545118 —É—Å–ø–µ—à–Ω–æ –ø–µ—Ä–µ—Å–ª–∞–Ω–æ —Ü–µ–ª–µ–≤–æ–º—É –∞–∫–∫–∞—É–Ω—Ç—É
2024-12-29 19:58:45,432 - root - INFO - –ü–æ–ª—É—á–µ–Ω–æ —Å–æ–æ–±—â–µ–Ω–∏–µ –æ—Ç –ø–æ–ª—å–∑–æ–≤–∞—Ç–µ–ª—è 609545118: —ã
2024-12-29 19:58:46,774 - root - INFO - –§–∞–π–ª subscribers.json –æ–±–Ω–æ–≤–ª–µ–Ω –Ω–∞ GitHub
2024-12-29 19:58:46,775 - root - INFO - –ü–µ—Ä–µ—Å—ã–ª–∞–µ–º —Å–æ–æ–±—â–µ–Ω–∏–µ –æ—Ç 609545118 —Ü–µ–ª–µ–≤–æ–º—É –∞–∫–∫–∞—É–Ω—Ç—É
2024-12-29 19:58:46,884 - httpx - INFO - HTTP Request: POST https://api.telegram.org/bot8192811920:AAEtqvcjUMBEiuvizMfVtrax4K3AfW9RUI8/sendMessage "HTTP/1.1 200 OK"
2024-12-29 19:58:46,886 - root - INFO - –°–æ–æ–±—â–µ–Ω–∏–µ –æ—Ç 609545118 —É—Å–ø–µ—à–Ω–æ –ø–µ—Ä–µ—Å–ª–∞–Ω–æ —Ü–µ–ª–µ–≤–æ–º—É –∞–∫–∫–∞—É–Ω—Ç—É
2024-12-29 19:58:52,342 - httpx - INFO - HTTP Request: POST https://api.telegram.org/bot8192811920:AAEtqvcjUMBEiuvizMfVtrax4K3AfW9RUI8/getUpdates "HTTP/1.1 200 OK"
2024-12-29 19:59:02,383 - httpx - INFO - HTTP Request: POST https://api.telegram.org/bot8192811920:AAEtqvcjUMBEiuvizMfVtrax4K3AfW9RUI8/getUpdates "HTTP/1.1 200 OK"
2024-12-29 19:59:12,428 - httpx - INFO - HTTP Request: POST https://api.telegram.org/bot8192811920:AAEtqvcjUMBEiuvizMfVtrax4K3AfW9RUI8/getUpdates "HTTP/1.1 200 OK"
2024-12-29 19:59:22,469 - httpx - INFO - HTTP Request: POST https://api.telegram.org/bot8192811920:AAEtqvcjUMBEiuvizMfVtrax4K3AfW9RUI8/getUpdates "HTTP/1.1 200 OK"
2024-12-29 19:59:32,512 - httpx - INFO - HTTP Request: POST https://api.telegram.org/bot8192811920:AAEtqvcjUMBEiuvizMfVtrax4K3AfW9RUI8/getUpdates "HTTP/1.1 200 OK"
2024-12-29 19:59:42,552 - httpx - INFO - HTTP Request: POST https://api.telegram.org/bot8192811920:AAEtqvcjUMBEiuvizMfVtrax4K3AfW9RUI8/getUpdates "HTTP/1.1 200 OK"
2024-12-29 19:59:52,591 - httpx - INFO - HTTP Request: POST https://api.telegram.org/bot8192811920:AAEtqvcjUMBEiuvizMfVtrax4K3AfW9RUI8/getUpdates "HTTP/1.1 200 OK"
2024-12-29 20:00:02,629 - httpx - INFO - HTTP Request: POST https://api.telegram.org/bot8192811920:AAEtqvcjUMBEiuvizMfVtrax4K3AfW9RUI8/getUpdates "HTTP/1.1 200 OK"
2024-12-29 20:00:12,669 - httpx - INFO - HTTP Request: POST https://api.telegram.org/bot8192811920:AAEtqvcjUMBEiuvizMfVtrax4K3AfW9RUI8/getUpdates "HTTP/1.1 200 OK"
2024-12-29 20:00:22,714 - httpx - INFO - HTTP Request: POST https://api.telegram.org/bot8192811920:AAEtqvcjUMBEiuvizMfVtrax4K3AfW9RUI8/getUpdates "HTTP/1.1 200 OK"
2024-12-29 20:00:32,757 - httpx - INFO - HTTP Request: POST https://api.telegram.org/bot8192811920:AAEtqvcjUMBEiuvizMfVtrax4K3AfW9RUI8/getUpdates "HTTP/1.1 200 OK"
2024-12-29 20:00:42,802 - httpx - INFO - HTTP Request: POST https://api.telegram.org/bot8192811920:AAEtqvcjUMBEiuvizMfVtrax4K3AfW9RUI8/getUpdates "HTTP/1.1 200 OK"
2024-12-29 20:00:52,844 - httpx - INFO - HTTP Request: POST https://api.telegram.org/bot8192811920:AAEtqvcjUMBEiuvizMfVtrax4K3AfW9RUI8/getUpdates "HTTP/1.1 200 OK"
2024-12-29 20:01:02,934 - httpx - INFO - HTTP Request: POST https://api.telegram.org/bot8192811920:AAEtqvcjUMBEiuvizMfVtrax4K3AfW9RUI8/getUpdates "HTTP/1.1 200 OK"
2024-12-29 20:01:12,977 - httpx - INFO - HTTP Request: POST https://api.telegram.org/bot8192811920:AAEtqvcjUMBEiuvizMfVtrax4K3AfW9RUI8/getUpdates "HTTP/1.1 200 OK"
2024-12-29 20:01:23,018 - httpx - INFO - HTTP Request: POST https://api.telegram.org/bot8192811920:AAEtqvcjUMBEiuvizMfVtrax4K3AfW9RUI8/getUpdates "HTTP/1.1 200 OK"
2024-12-29 20:01:33,058 - httpx - INFO - HTTP Request: POST https://api.telegram.org/bot8192811920:AAEtqvcjUMBEiuvizMfVtrax4K3AfW9RUI8/getUpdates "HTTP/1.1 200 OK"
2024-12-29 20:01:43,098 - httpx - INFO - HTTP Request: POST https://api.telegram.org/bot8192811920:AAEtqvcjUMBEiuvizMfVtrax4K3AfW9RUI8/getUpdates "HTTP/1.1 200 OK"
2024-12-29 20:01:53,138 - httpx - INFO - HTTP Request: POST https://api.telegram.org/bot8192811920:AAEtqvcjUMBEiuvizMfVtrax4K3AfW9RUI8/getUpdates "HTTP/1.1 200 OK"
2024-12-29 20:01:57,578 - httpx - INFO - HTTP Request: POST https://api.telegram.org/bot8192811920:AAEtqvcjUMBEiuvizMfVtrax4K3AfW9RUI8/getUpdates "HTTP/1.1 200 OK"
2024-12-29 20:01:57,580 - telegram.ext.Application - INFO - Application is stopping. This might take a moment.
2024-12-29 20:01:57,581 - telegram.ext.Application - INFO - Application.stop() complete
